start frps-auth.
bind 127.0.0.1:4000
&{0xc0000cf900 {<nil> 0}}
start frps-auth.
bind 127.0.0.1:4000
admin At 2020-03-14 12:07:22.707654 +0800 CST m=+8.082946501 succeed.
admin At 2020-03-14 12:08:34.9480032 +0800 CST m=+80.323599101 succeed.
admin At 2020-03-14 12:10:34.3664963 +0800 CST m=+199.742593801 succeed.
admin At 2020-03-14 12:11:12.4651777 +0800 CST m=+237.841435201 succeed.
admin At 2020-03-14 12:11:21.9949147 +0800 CST m=+247.371212201 succeed.
admin At 2020-03-14 12:11:40.596691 +0800 CST m=+265.973066601 succeed.
admin At 2020-03-14 12:12:18.6106819 +0800 CST m=+303.987217201 succeed.
admin At 2020-03-14 12:12:43.5513296 +0800 CST m=+328.927969601 succeed.
admin At 2020-03-14 12:12:44.194672 +0800 CST m=+329.571314701 succeed.
admin At 2020-03-14 12:12:44.4658993 +0800 CST m=+329.842543201 succeed.
admin At 2020-03-14 12:12:44.8627685 +0800 CST m=+330.239414001 succeed.
start frps-auth.
bind 127.0.0.1:4000
admin At 2020-03-14 12:13:02.0575877 +0800 CST m=+2.250617101 succeed.
admin At 2020-03-14 12:14:18.2463906 +0800 CST m=+78.439740001 succeed.
start frps-auth.
bind 127.0.0.1:4000
admin At 2020-03-14 12:14:32.5372308 +0800 CST m=+6.811133601 succeed.
start frps-auth.
bind 127.0.0.1:4000
admin At 2020-03-14 12:16:30.6124562 +0800 CST m=+2.259817801 succeed.
start frps-auth.
bind 127.0.0.1:4000
admin At 2020-03-14 12:19:57.5774089 +0800 CST m=+8.693044101 succeed.
admin At 2020-03-14 12:19:57.7097643 +0800 CST m=+8.825400101 succeed.
admin At 2020-03-14 12:19:57.7297583 +0800 CST m=+8.845394201 succeed.
admin At 2020-03-14 12:19:57.8568993 +0800 CST m=+8.972535701 succeed.
admin At 2020-03-14 12:19:57.8768968 +0800 CST m=+8.992533301 succeed.
admin At 2020-03-14 12:19:57.9749555 +0800 CST m=+9.090592401 succeed.
admin At 2020-03-14 12:19:57.9759534 +0800 CST m=+9.091590301 succeed.
admin At 2020-03-14 12:19:57.9964808 +0800 CST m=+9.112117801 succeed.
admin At 2020-03-14 12:19:58.0175293 +0800 CST m=+9.133166401 succeed.
admin At 2020-03-14 12:19:58.0195353 +0800 CST m=+9.135172401 succeed.
admin At 2020-03-14 12:19:58.0830526 +0800 CST m=+9.198690001 succeed.
admin At 2020-03-14 12:19:58.1322137 +0800 CST m=+9.247851301 succeed.
admin At 2020-03-14 12:19:58.1502075 +0800 CST m=+9.265845101 succeed.
admin At 2020-03-14 12:19:58.1817528 +0800 CST m=+9.297390601 succeed.
admin At 2020-03-14 12:19:58.2027546 +0800 CST m=+9.318392501 succeed.
admin At 2020-03-14 12:19:58.229354 +0800 CST m=+9.344992001 succeed.
admin At 2020-03-14 12:19:58.2993586 +0800 CST m=+9.414996901 succeed.
admin At 2020-03-14 12:19:58.3419639 +0800 CST m=+9.457602401 succeed.
admin At 2020-03-14 12:21:36.2062697 +0800 CST m=+107.322319201 succeed.
admin At 2020-03-14 12:21:36.2587916 +0800 CST m=+107.374841301 succeed.
admin At 2020-03-14 12:21:36.2647937 +0800 CST m=+107.380843401 succeed.
admin At 2020-03-14 12:21:36.3783087 +0800 CST m=+107.494358901 succeed.
admin At 2020-03-14 12:21:36.3993143 +0800 CST m=+107.515364601 succeed.
admin At 2020-03-14 12:21:36.4223211 +0800 CST m=+107.538371501 succeed.
admin At 2020-03-14 12:21:36.5683558 +0800 CST m=+107.684406801 succeed.
admin At 2020-03-14 12:21:36.5963498 +0800 CST m=+107.712400901 succeed.
admin At 2020-03-14 12:21:36.5963498 +0800 CST m=+107.712400901 succeed.
admin At 2020-03-14 12:21:36.6609501 +0800 CST m=+107.777001501 succeed.
admin At 2020-03-14 12:21:36.6949443 +0800 CST m=+107.810995801 succeed.
admin At 2020-03-14 12:21:36.7604672 +0800 CST m=+107.876519001 succeed.
admin At 2020-03-14 12:21:36.7890156 +0800 CST m=+107.905067501 succeed.
admin At 2020-03-14 12:21:36.8055261 +0800 CST m=+107.921578101 succeed.
admin At 2020-03-14 12:21:36.8135226 +0800 CST m=+107.929574601 succeed.
admin At 2020-03-14 12:21:36.8255222 +0800 CST m=+107.941574301 succeed.
admin At 2020-03-14 12:21:36.8405229 +0800 CST m=+107.956575001 succeed.
admin At 2020-03-14 12:21:36.8910602 +0800 CST m=+108.007112601 succeed.
admin At 2020-03-14 12:22:44.4974462 +0800 CST m=+175.613782501 succeed.
admin At 2020-03-14 12:22:44.5686546 +0800 CST m=+175.684991201 succeed.
admin At 2020-03-14 12:22:44.5796663 +0800 CST m=+175.696003001 succeed.
admin At 2020-03-14 12:22:44.7706486 +0800 CST m=+175.886986101 succeed.
admin At 2020-03-14 12:22:44.8707136 +0800 CST m=+175.987051501 succeed.
admin At 2020-03-14 12:22:44.8707136 +0800 CST m=+175.987051501 succeed.
admin At 2020-03-14 12:22:44.9188355 +0800 CST m=+176.035173601 succeed.
admin At 2020-03-14 12:22:44.94684 +0800 CST m=+176.063178201 succeed.
admin At 2020-03-14 12:22:44.9488326 +0800 CST m=+176.065170801 succeed.
admin At 2020-03-14 12:22:45.096835 +0800 CST m=+176.213173801 succeed.
admin At 2020-03-14 12:22:45.2204367 +0800 CST m=+176.336776001 succeed.
admin At 2020-03-14 12:22:45.2444336 +0800 CST m=+176.360773001 succeed.
admin At 2020-03-14 12:22:45.2744281 +0800 CST m=+176.390767701 succeed.
admin At 2020-03-14 12:22:45.2944263 +0800 CST m=+176.410766001 succeed.
admin At 2020-03-14 12:22:45.3114234 +0800 CST m=+176.427763101 succeed.
admin At 2020-03-14 12:22:45.328433 +0800 CST m=+176.444772801 succeed.
admin At 2020-03-14 12:22:45.3490894 +0800 CST m=+176.465429301 succeed.
admin At 2020-03-14 12:22:45.4116249 +0800 CST m=+176.527965001 succeed.
admin At 2020-03-14 12:22:56.561455 +0800 CST m=+187.677842001 succeed.
admin At 2020-03-14 12:22:56.6284916 +0800 CST m=+187.744878901 succeed.
admin At 2020-03-14 12:22:56.6444926 +0800 CST m=+187.760879901 succeed.
admin At 2020-03-14 12:22:56.9384897 +0800 CST m=+188.054878301 succeed.
admin At 2020-03-14 12:22:56.9730414 +0800 CST m=+188.089430101 succeed.
admin At 2020-03-14 12:22:56.9760409 +0800 CST m=+188.092429601 succeed.
admin At 2020-03-14 12:22:57.0317529 +0800 CST m=+188.148141901 succeed.
admin At 2020-03-14 12:22:57.0647631 +0800 CST m=+188.181152201 succeed.
admin At 2020-03-14 12:22:57.0707612 +0800 CST m=+188.187150301 succeed.
admin At 2020-03-14 12:22:57.2314187 +0800 CST m=+188.347808501 succeed.
admin At 2020-03-14 12:22:57.254941 +0800 CST m=+188.371330901 succeed.
admin At 2020-03-14 12:22:57.2749521 +0800 CST m=+188.391342101 succeed.
admin At 2020-03-14 12:22:57.3140039 +0800 CST m=+188.430394001 succeed.
admin At 2020-03-14 12:22:57.3470061 +0800 CST m=+188.463396401 succeed.
admin At 2020-03-14 12:22:57.4715423 +0800 CST m=+188.587933101 succeed.
admin At 2020-03-14 12:22:57.5015449 +0800 CST m=+188.617935801 succeed.
admin At 2020-03-14 12:22:57.5255485 +0800 CST m=+188.641939501 succeed.
admin At 2020-03-14 12:22:57.5959279 +0800 CST m=+188.712319201 succeed.
admin At 2020-03-14 12:23:07.4609562 +0800 CST m=+198.577389001 succeed.
admin At 2020-03-14 12:23:07.5596126 +0800 CST m=+198.676045801 succeed.
admin At 2020-03-14 12:23:07.5826084 +0800 CST m=+198.699041701 succeed.
admin At 2020-03-14 12:23:07.7776035 +0800 CST m=+198.894037601 succeed.
admin At 2020-03-14 12:23:07.8106065 +0800 CST m=+198.927040701 succeed.
admin At 2020-03-14 12:23:07.874215 +0800 CST m=+198.990649501 succeed.
admin At 2020-03-14 12:23:07.8957565 +0800 CST m=+199.012191101 succeed.
admin At 2020-03-14 12:23:07.9308138 +0800 CST m=+199.047248501 succeed.
admin At 2020-03-14 12:23:07.9318126 +0800 CST m=+199.048247301 succeed.
admin At 2020-03-14 12:23:08.0913885 +0800 CST m=+199.207823901 succeed.
admin At 2020-03-14 12:23:08.152389 +0800 CST m=+199.268824701 succeed.
admin At 2020-03-14 12:23:08.1953986 +0800 CST m=+199.311834401 succeed.
admin At 2020-03-14 12:23:08.2383878 +0800 CST m=+199.354823801 succeed.
admin At 2020-03-14 12:23:08.2593882 +0800 CST m=+199.375824301 succeed.
admin At 2020-03-14 12:23:08.2749114 +0800 CST m=+199.391347601 succeed.
admin At 2020-03-14 12:23:08.2915192 +0800 CST m=+199.407955401 succeed.
admin At 2020-03-14 12:23:08.3255182 +0800 CST m=+199.441954601 succeed.
admin At 2020-03-14 12:23:08.3705251 +0800 CST m=+199.486961701 succeed.
admin At 2020-03-14 12:24:43.4080764 +0800 CST m=+294.524912101 succeed.
admin At 2020-03-14 12:24:43.486147 +0800 CST m=+294.602983101 succeed.
admin At 2020-03-14 12:24:43.4871472 +0800 CST m=+294.603983301 succeed.
admin At 2020-03-14 12:24:43.6292149 +0800 CST m=+294.746051601 succeed.
admin At 2020-03-14 12:24:43.7813018 +0800 CST m=+294.898139101 succeed.
admin At 2020-03-14 12:24:43.7913055 +0800 CST m=+294.908142801 succeed.
admin At 2020-03-14 12:24:43.821307 +0800 CST m=+294.938144501 succeed.
admin At 2020-03-14 12:24:43.8583012 +0800 CST m=+294.975138801 succeed.
admin At 2020-03-14 12:24:43.8613047 +0800 CST m=+294.978142301 succeed.
admin At 2020-03-14 12:24:43.9713728 +0800 CST m=+295.088210901 succeed.
admin At 2020-03-14 12:24:44.0024351 +0800 CST m=+295.119273301 succeed.
admin At 2020-03-14 12:24:44.0244388 +0800 CST m=+295.141277101 succeed.
admin At 2020-03-14 12:24:44.0529795 +0800 CST m=+295.169817901 succeed.
admin At 2020-03-14 12:24:44.0824949 +0800 CST m=+295.199333501 succeed.
admin At 2020-03-14 12:24:44.1320676 +0800 CST m=+295.248906401 succeed.
admin At 2020-03-14 12:24:44.2081075 +0800 CST m=+295.324946601 succeed.
admin At 2020-03-14 12:26:47.7030758 +0800 CST m=+418.820433601 succeed.
admin At 2020-03-14 12:26:47.7960698 +0800 CST m=+418.913428001 succeed.
admin At 2020-03-14 12:26:47.7960698 +0800 CST m=+418.913428001 succeed.
admin At 2020-03-14 12:26:47.9515894 +0800 CST m=+419.068948201 succeed.
admin At 2020-03-14 12:26:48.1035894 +0800 CST m=+419.220948901 succeed.
admin At 2020-03-14 12:26:48.1045917 +0800 CST m=+419.221951201 succeed.
admin At 2020-03-14 12:26:48.1435926 +0800 CST m=+419.260952201 succeed.
admin At 2020-03-14 12:26:48.2135894 +0800 CST m=+419.330949301 succeed.
admin At 2020-03-14 12:26:48.2145894 +0800 CST m=+419.331949301 succeed.
admin At 2020-03-14 12:26:48.4018137 +0800 CST m=+419.519174401 succeed.
admin At 2020-03-14 12:26:48.4613374 +0800 CST m=+419.578698401 succeed.
admin At 2020-03-14 12:26:48.4863106 +0800 CST m=+419.603671701 succeed.
admin At 2020-03-14 12:26:48.5264704 +0800 CST m=+419.643831601 succeed.
admin At 2020-03-14 12:26:48.5504693 +0800 CST m=+419.667830601 succeed.
admin At 2020-03-14 12:26:48.5854711 +0800 CST m=+419.702832601 succeed.
admin At 2020-03-14 12:26:48.6705136 +0800 CST m=+419.787875401 succeed.
admin At 2020-03-14 12:27:35.7631105 +0800 CST m=+466.880670101 succeed.
admin At 2020-03-14 12:27:35.8211076 +0800 CST m=+466.938667501 succeed.
admin At 2020-03-14 12:27:35.8241067 +0800 CST m=+466.941666601 succeed.
admin At 2020-03-14 12:27:35.966657 +0800 CST m=+467.084217501 succeed.
admin At 2020-03-14 12:27:35.9821664 +0800 CST m=+467.099726901 succeed.
admin At 2020-03-14 12:27:35.9941553 +0800 CST m=+467.111715901 succeed.
admin At 2020-03-14 12:27:36.0652724 +0800 CST m=+467.182833301 succeed.
admin At 2020-03-14 12:27:36.0802729 +0800 CST m=+467.197833901 succeed.
admin At 2020-03-14 12:27:36.0802729 +0800 CST m=+467.197833901 succeed.
admin At 2020-03-14 12:27:36.1262777 +0800 CST m=+467.243838801 succeed.
admin At 2020-03-14 12:27:36.1502725 +0800 CST m=+467.267833701 succeed.
admin At 2020-03-14 12:27:36.1622717 +0800 CST m=+467.279833001 succeed.
admin At 2020-03-14 12:27:36.1802717 +0800 CST m=+467.297833101 succeed.
admin At 2020-03-14 12:27:36.1972756 +0800 CST m=+467.314837001 succeed.
admin At 2020-03-14 12:27:36.2778002 +0800 CST m=+467.395362001 succeed.
admin At 2020-03-14 12:27:36.3193214 +0800 CST m=+467.436883401 succeed.
admin At 2020-03-14 12:28:42.2608961 +0800 CST m=+533.378735001 succeed.
admin At 2020-03-14 12:28:42.3194097 +0800 CST m=+533.437248901 succeed.
admin At 2020-03-14 12:28:42.3194097 +0800 CST m=+533.437248901 succeed.
admin At 2020-03-14 12:28:42.525944 +0800 CST m=+533.643784001 succeed.
admin At 2020-03-14 12:28:42.5724887 +0800 CST m=+533.690328901 succeed.
admin At 2020-03-14 12:28:42.6256066 +0800 CST m=+533.743447001 succeed.
admin At 2020-03-14 12:28:42.6531478 +0800 CST m=+533.770988401 succeed.
admin At 2020-03-14 12:28:42.7046831 +0800 CST m=+533.822523901 succeed.
admin At 2020-03-14 12:28:42.7056859 +0800 CST m=+533.823526701 succeed.
admin At 2020-03-14 12:28:42.8528096 +0800 CST m=+533.970651001 succeed.
admin At 2020-03-14 12:28:42.8908092 +0800 CST m=+534.008650801 succeed.
admin At 2020-03-14 12:28:43.0108694 +0800 CST m=+534.128711501 succeed.
admin At 2020-03-14 12:28:43.0533902 +0800 CST m=+534.171232401 succeed.
admin At 2020-03-14 12:28:43.1213877 +0800 CST m=+534.239230201 succeed.
admin At 2020-03-14 12:29:33.5543723 +0800 CST m=+584.672426601 succeed.
admin At 2020-03-14 12:29:33.6429233 +0800 CST m=+584.760978001 succeed.
admin At 2020-03-14 12:29:33.6479127 +0800 CST m=+584.765967401 succeed.
admin At 2020-03-14 12:29:33.9526669 +0800 CST m=+585.070722901 succeed.
admin At 2020-03-14 12:29:33.9874376 +0800 CST m=+585.105493801 succeed.
admin At 2020-03-14 12:29:33.9904403 +0800 CST m=+585.108496501 succeed.
admin At 2020-03-14 12:29:34.0204399 +0800 CST m=+585.138496201 succeed.
admin At 2020-03-14 12:29:34.0544407 +0800 CST m=+585.172497101 succeed.
admin At 2020-03-14 12:29:34.0574564 +0800 CST m=+585.175512901 succeed.
admin At 2020-03-14 12:29:34.2425329 +0800 CST m=+585.360590101 succeed.
admin At 2020-03-14 12:29:34.3091377 +0800 CST m=+585.427195201 succeed.
admin At 2020-03-14 12:29:34.3461388 +0800 CST m=+585.464196501 succeed.
admin At 2020-03-14 12:29:34.3806728 +0800 CST m=+585.498730601 succeed.
admin At 2020-03-14 12:29:34.4681946 +0800 CST m=+585.586252801 succeed.
admin At 2020-03-14 12:30:27.5104766 +0800 CST m=+638.628757601 succeed.
admin At 2020-03-14 12:30:27.5754818 +0800 CST m=+638.693763001 succeed.
admin At 2020-03-14 12:30:27.576483 +0800 CST m=+638.694764201 succeed.
admin At 2020-03-14 12:30:27.7775495 +0800 CST m=+638.895831601 succeed.
admin At 2020-03-14 12:30:27.8050958 +0800 CST m=+638.923378001 succeed.
admin At 2020-03-14 12:30:27.8050958 +0800 CST m=+638.923378001 succeed.
admin At 2020-03-14 12:30:27.8260976 +0800 CST m=+638.944379901 succeed.
admin At 2020-03-14 12:30:27.8721069 +0800 CST m=+638.990389401 succeed.
admin At 2020-03-14 12:30:27.8730998 +0800 CST m=+638.991382301 succeed.
admin At 2020-03-14 12:30:27.9447231 +0800 CST m=+639.063005901 succeed.
admin At 2020-03-14 12:30:28.0197232 +0800 CST m=+639.138006301 succeed.
admin At 2020-03-14 12:30:28.0287223 +0800 CST m=+639.147005401 succeed.
admin At 2020-03-14 12:30:28.0457203 +0800 CST m=+639.164003501 succeed.
admin At 2020-03-14 12:30:28.1382766 +0800 CST m=+639.256560201 succeed.
admin At 2020-03-14 12:30:34.5079884 +0800 CST m=+645.626298801 succeed.
admin At 2020-03-14 12:31:02.5067272 +0800 CST m=+673.625155101 succeed.
admin At 2020-03-14 12:33:17.7086018 +0800 CST m=+808.827597601 succeed.
admin At 2020-03-14 12:33:26.846624 +0800 CST m=+817.965658201 succeed.
admin At 2020-03-14 12:34:45.4127277 +0800 CST m=+896.532091901 succeed.
admin At 2020-03-14 12:37:40.4599402 +0800 CST m=+1071.580039501 succeed.
admin At 2020-03-14 12:38:03.5386685 +0800 CST m=+1094.658864801 succeed.
admin At 2020-03-14 12:38:39.7905193 +0800 CST m=+1130.910867801 succeed.
admin At 2020-03-14 12:44:47.1224567 +0800 CST m=+1498.244348001 succeed.
admin At 2020-03-14 12:45:55.6034033 +0800 CST m=+1566.725582301 succeed.
admin At 2020-03-14 12:46:44.7053548 +0800 CST m=+1615.827740001 succeed.
admin At 2020-03-14 12:46:56.8424906 +0800 CST m=+1627.964926801 succeed.
admin At 2020-03-14 12:46:56.9020233 +0800 CST m=+1628.024459701 succeed.
admin At 2020-03-14 12:46:56.909022 +0800 CST m=+1628.031458401 succeed.
admin At 2020-03-14 12:46:57.0100209 +0800 CST m=+1628.132457801 succeed.
admin At 2020-03-14 12:46:57.0696662 +0800 CST m=+1628.192103301 succeed.
admin At 2020-03-14 12:46:57.0816692 +0800 CST m=+1628.204106401 succeed.
admin At 2020-03-14 12:46:57.1016621 +0800 CST m=+1628.224099301 succeed.
admin At 2020-03-14 12:46:57.1266659 +0800 CST m=+1628.249103201 succeed.
admin At 2020-03-14 12:46:57.1286629 +0800 CST m=+1628.251100301 succeed.
admin At 2020-03-14 12:46:57.2387038 +0800 CST m=+1628.361141601 succeed.
admin At 2020-03-14 12:46:57.2707041 +0800 CST m=+1628.393142101 succeed.
admin At 2020-03-14 12:46:57.284706 +0800 CST m=+1628.407144001 succeed.
admin At 2020-03-14 12:46:57.3037048 +0800 CST m=+1628.426142901 succeed.
admin At 2020-03-14 12:46:57.3687068 +0800 CST m=+1628.491145201 succeed.
admin At 2020-03-14 12:49:12.0706461 +0800 CST m=+1763.193650201 succeed.
admin At 2020-03-14 12:49:12.1239446 +0800 CST m=+1763.246948901 succeed.
admin At 2020-03-14 12:49:12.125946 +0800 CST m=+1763.248950301 succeed.
admin At 2020-03-14 12:49:12.3639442 +0800 CST m=+1763.486949501 succeed.
admin At 2020-03-14 12:49:12.4054706 +0800 CST m=+1763.528476101 succeed.
admin At 2020-03-14 12:49:12.4084703 +0800 CST m=+1763.531475801 succeed.
admin At 2020-03-14 12:49:12.4284723 +0800 CST m=+1763.551477901 succeed.
admin At 2020-03-14 12:49:12.4454716 +0800 CST m=+1763.568477301 succeed.
admin At 2020-03-14 12:49:12.446475 +0800 CST m=+1763.569480701 succeed.
admin At 2020-03-14 12:49:12.5415419 +0800 CST m=+1763.664548001 succeed.
admin At 2020-03-14 12:49:12.5885976 +0800 CST m=+1763.711603901 succeed.
admin At 2020-03-14 12:49:12.6225994 +0800 CST m=+1763.745605801 succeed.
admin At 2020-03-14 12:49:12.63961 +0800 CST m=+1763.762616501 succeed.
admin At 2020-03-14 12:49:12.6777093 +0800 CST m=+1763.800716001 succeed.
admin At 2020-03-14 12:49:22.1730082 +0800 CST m=+1773.296054701 succeed.
admin At 2020-03-14 12:49:22.2223719 +0800 CST m=+1773.345418701 succeed.
admin At 2020-03-14 12:49:22.2253734 +0800 CST m=+1773.348420201 succeed.
admin At 2020-03-14 12:49:22.3594123 +0800 CST m=+1773.482459601 succeed.
admin At 2020-03-14 12:49:22.3794131 +0800 CST m=+1773.502460501 succeed.
admin At 2020-03-14 12:49:22.4204191 +0800 CST m=+1773.543466701 succeed.
admin At 2020-03-14 12:49:22.4514129 +0800 CST m=+1773.574460601 succeed.
admin At 2020-03-14 12:49:22.466413 +0800 CST m=+1773.589460801 succeed.
admin At 2020-03-14 12:49:22.4674179 +0800 CST m=+1773.590465701 succeed.
admin At 2020-03-14 12:49:22.5179499 +0800 CST m=+1773.640997901 succeed.
admin At 2020-03-14 12:49:22.5424781 +0800 CST m=+1773.665526201 succeed.
admin At 2020-03-14 12:49:22.554464 +0800 CST m=+1773.677512101 succeed.
admin At 2020-03-14 12:49:22.5694674 +0800 CST m=+1773.692515601 succeed.
admin At 2020-03-14 12:49:22.602472 +0800 CST m=+1773.725520301 succeed.
admin At 2020-03-14 12:49:22.7250217 +0800 CST m=+1773.848070601 succeed.
admin At 2020-03-14 12:49:22.8177523 +0800 CST m=+1773.940801601 succeed.
admin At 2020-03-14 12:49:22.8177523 +0800 CST m=+1773.940801601 succeed.
admin At 2020-03-14 12:49:22.9557429 +0800 CST m=+1774.078792701 succeed.
admin At 2020-03-14 12:49:22.9737475 +0800 CST m=+1774.096797401 succeed.
admin At 2020-03-14 12:49:23.0207927 +0800 CST m=+1774.143842801 succeed.
admin At 2020-03-14 12:49:23.0500479 +0800 CST m=+1774.173098101 succeed.
admin At 2020-03-14 12:49:23.0810438 +0800 CST m=+1774.204094201 succeed.
admin At 2020-03-14 12:49:23.0820444 +0800 CST m=+1774.205094801 succeed.
admin At 2020-03-14 12:49:23.1369045 +0800 CST m=+1774.259955101 succeed.
admin At 2020-03-14 12:49:23.1649035 +0800 CST m=+1774.287954201 succeed.
admin At 2020-03-14 12:49:23.1738996 +0800 CST m=+1774.296950301 succeed.
admin At 2020-03-14 12:49:23.1889059 +0800 CST m=+1774.311956701 succeed.
admin At 2020-03-14 12:49:23.2324243 +0800 CST m=+1774.355475301 succeed.
admin At 2020-03-14 12:49:47.2804561 +0800 CST m=+1798.403608101 succeed.
admin At 2020-03-14 12:49:47.3258996 +0800 CST m=+1798.449051801 succeed.
admin At 2020-03-14 12:49:47.326901 +0800 CST m=+1798.450053201 succeed.
admin At 2020-03-14 12:49:47.5264218 +0800 CST m=+1798.649574801 succeed.
admin At 2020-03-14 12:49:47.572492 +0800 CST m=+1798.695645201 succeed.
admin At 2020-03-14 12:49:47.6034906 +0800 CST m=+1798.726644001 succeed.
admin At 2020-03-14 12:49:47.6214896 +0800 CST m=+1798.744643001 succeed.
admin At 2020-03-14 12:49:47.6570626 +0800 CST m=+1798.780216201 succeed.
admin At 2020-03-14 12:49:47.6570626 +0800 CST m=+1798.780216201 succeed.
admin At 2020-03-14 12:49:47.7056486 +0800 CST m=+1798.828802401 succeed.
admin At 2020-03-14 12:49:47.7246443 +0800 CST m=+1798.847798201 succeed.
admin At 2020-03-14 12:49:47.7686451 +0800 CST m=+1798.891799101 succeed.
admin At 2020-03-14 12:49:47.7876465 +0800 CST m=+1798.910800601 succeed.
admin At 2020-03-14 12:49:47.8272331 +0800 CST m=+1798.950387401 succeed.
admin At 2020-03-14 12:52:13.8207037 +0800 CST m=+1944.944471201 succeed.
admin At 2020-03-14 12:52:13.877692 +0800 CST m=+1945.001459701 succeed.
admin At 2020-03-14 12:52:13.8826928 +0800 CST m=+1945.006460501 succeed.
admin At 2020-03-14 12:52:14.0458573 +0800 CST m=+1945.169625701 succeed.
admin At 2020-03-14 12:52:14.0613812 +0800 CST m=+1945.185149701 succeed.
admin At 2020-03-14 12:52:14.0703805 +0800 CST m=+1945.194149001 succeed.
admin At 2020-03-14 12:52:14.0793793 +0800 CST m=+1945.203147901 succeed.
admin At 2020-03-14 12:52:14.1023796 +0800 CST m=+1945.226148201 succeed.
admin At 2020-03-14 12:52:14.1023796 +0800 CST m=+1945.226148201 succeed.
admin At 2020-03-14 12:52:14.1433848 +0800 CST m=+1945.267153601 succeed.
admin At 2020-03-14 12:52:14.1699095 +0800 CST m=+1945.293678401 succeed.
admin At 2020-03-14 12:52:14.1829058 +0800 CST m=+1945.306674801 succeed.
admin At 2020-03-14 12:52:14.1929056 +0800 CST m=+1945.316674601 succeed.
admin At 2020-03-14 12:52:19.7508421 +0800 CST m=+1950.874634501 succeed.
admin At 2020-03-14 12:52:19.7978438 +0800 CST m=+1950.921636401 succeed.
admin At 2020-03-14 12:52:19.798837 +0800 CST m=+1950.922629601 succeed.
admin At 2020-03-14 12:52:19.8928377 +0800 CST m=+1951.016630701 succeed.
admin At 2020-03-14 12:52:19.9268352 +0800 CST m=+1951.050628301 succeed.
admin At 2020-03-14 12:52:19.9578504 +0800 CST m=+1951.081643601 succeed.
admin At 2020-03-14 12:52:19.9728396 +0800 CST m=+1951.096632901 succeed.
admin At 2020-03-14 12:52:19.9888446 +0800 CST m=+1951.112638001 succeed.
admin At 2020-03-14 12:52:19.9898366 +0800 CST m=+1951.113630001 succeed.
admin At 2020-03-14 12:52:20.0293629 +0800 CST m=+1951.153156401 succeed.
admin At 2020-03-14 12:52:20.0523763 +0800 CST m=+1951.176169901 succeed.
admin At 2020-03-14 12:52:20.059375 +0800 CST m=+1951.183168701 succeed.
admin At 2020-03-14 12:52:20.0713624 +0800 CST m=+1951.195156101 succeed.
admin At 2020-03-14 12:52:20.7273825 +0800 CST m=+1951.851179001 succeed.
admin At 2020-03-14 12:52:20.7813738 +0800 CST m=+1951.905170501 succeed.
admin At 2020-03-14 12:52:20.7843731 +0800 CST m=+1951.908169801 succeed.
admin At 2020-03-14 12:52:20.9913742 +0800 CST m=+1952.115171801 succeed.
admin At 2020-03-14 12:52:21.0083706 +0800 CST m=+1952.132168301 succeed.
admin At 2020-03-14 12:52:21.0093692 +0800 CST m=+1952.133166901 succeed.
admin At 2020-03-14 12:52:21.0273839 +0800 CST m=+1952.151181601 succeed.
admin At 2020-03-14 12:52:21.0433751 +0800 CST m=+1952.167172901 succeed.
admin At 2020-03-14 12:52:21.0443738 +0800 CST m=+1952.168171601 succeed.
admin At 2020-03-14 12:52:21.0873709 +0800 CST m=+1952.211168901 succeed.
admin At 2020-03-14 12:52:21.1103686 +0800 CST m=+1952.234166701 succeed.
admin At 2020-03-14 12:52:21.1203682 +0800 CST m=+1952.244166301 succeed.
admin At 2020-03-14 12:52:21.1303725 +0800 CST m=+1952.254170701 succeed.
admin At 2020-03-14 12:52:21.2243729 +0800 CST m=+1952.348171501 succeed.
admin At 2020-03-14 12:52:21.2893706 +0800 CST m=+1952.413169401 succeed.
admin At 2020-03-14 12:52:21.2903779 +0800 CST m=+1952.414176701 succeed.
admin At 2020-03-14 12:52:21.3863686 +0800 CST m=+1952.510167801 succeed.
admin At 2020-03-14 12:52:21.4213709 +0800 CST m=+1952.545170301 succeed.
admin At 2020-03-14 12:52:21.4533686 +0800 CST m=+1952.577168101 succeed.
admin At 2020-03-14 12:52:21.4833726 +0800 CST m=+1952.607172201 succeed.
admin At 2020-03-14 12:52:21.497368 +0800 CST m=+1952.621167701 succeed.
admin At 2020-03-14 12:52:21.497368 +0800 CST m=+1952.621167701 succeed.
admin At 2020-03-14 12:52:21.5363656 +0800 CST m=+1952.660165501 succeed.
admin At 2020-03-14 12:52:21.5574366 +0800 CST m=+1952.681236601 succeed.
admin At 2020-03-14 12:52:21.5674331 +0800 CST m=+1952.691233101 succeed.
admin At 2020-03-14 12:52:21.5774516 +0800 CST m=+1952.701251601 succeed.
admin At 2020-03-14 12:52:22.0535992 +0800 CST m=+1953.177401201 succeed.
admin At 2020-03-14 12:52:22.0966102 +0800 CST m=+1953.220412401 succeed.
admin At 2020-03-14 12:52:22.0986061 +0800 CST m=+1953.222408301 succeed.
admin At 2020-03-14 12:52:22.2105987 +0800 CST m=+1953.334401401 succeed.
admin At 2020-03-14 12:52:22.2386027 +0800 CST m=+1953.362405501 succeed.
admin At 2020-03-14 12:52:22.2836003 +0800 CST m=+1953.407403301 succeed.
admin At 2020-03-14 12:52:22.301601 +0800 CST m=+1953.425404101 succeed.
admin At 2020-03-14 12:52:22.3151228 +0800 CST m=+1953.438925901 succeed.
admin At 2020-03-14 12:52:22.317123 +0800 CST m=+1953.440926101 succeed.
admin At 2020-03-14 12:52:22.3576409 +0800 CST m=+1953.481444201 succeed.
admin At 2020-03-14 12:52:22.3856421 +0800 CST m=+1953.509445501 succeed.
admin At 2020-03-14 12:52:22.3936478 +0800 CST m=+1953.517451301 succeed.
admin At 2020-03-14 12:52:22.406638 +0800 CST m=+1953.530441501 succeed.
admin At 2020-03-14 12:52:30.2774685 +0800 CST m=+1961.401305101 succeed.
admin At 2020-03-14 12:52:30.3484635 +0800 CST m=+1961.472300401 succeed.
admin At 2020-03-14 12:52:30.3484635 +0800 CST m=+1961.472300401 succeed.
admin At 2020-03-14 12:52:30.5005324 +0800 CST m=+1961.624369901 succeed.
admin At 2020-03-14 12:52:30.5255381 +0800 CST m=+1961.649375701 succeed.
admin At 2020-03-14 12:52:30.5485376 +0800 CST m=+1961.672375301 succeed.
admin At 2020-03-14 12:52:30.600539 +0800 CST m=+1961.724376901 succeed.
admin At 2020-03-14 12:52:30.6200631 +0800 CST m=+1961.743901101 succeed.
admin At 2020-03-14 12:52:30.6200631 +0800 CST m=+1961.743901101 succeed.
admin At 2020-03-14 12:52:30.7365821 +0800 CST m=+1961.860420601 succeed.
admin At 2020-03-14 12:52:30.8045797 +0800 CST m=+1961.928418501 succeed.
admin At 2020-03-14 12:52:30.8285778 +0800 CST m=+1961.952416701 succeed.
admin At 2020-03-14 12:52:30.8475829 +0800 CST m=+1961.971421901 succeed.
admin At 2020-03-14 12:53:12.1845066 +0800 CST m=+2003.308519201 succeed.
admin At 2020-03-14 12:53:12.2215089 +0800 CST m=+2003.345521601 succeed.
admin At 2020-03-14 12:53:12.2215089 +0800 CST m=+2003.345521601 succeed.
admin At 2020-03-14 12:53:12.3905092 +0800 CST m=+2003.514522701 succeed.
admin At 2020-03-14 12:53:12.4240315 +0800 CST m=+2003.548045101 succeed.
admin At 2020-03-14 12:53:12.4650318 +0800 CST m=+2003.589045601 succeed.
admin At 2020-03-14 12:53:12.4900365 +0800 CST m=+2003.614050401 succeed.
admin At 2020-03-14 12:53:12.509045 +0800 CST m=+2003.633059001 succeed.
admin At 2020-03-14 12:53:12.510033 +0800 CST m=+2003.634047001 succeed.
admin At 2020-03-14 12:53:12.5920996 +0800 CST m=+2003.716113901 succeed.
admin At 2020-03-14 12:53:12.6406184 +0800 CST m=+2003.764632901 succeed.
admin At 2020-03-14 12:53:12.6911443 +0800 CST m=+2003.815159001 succeed.
admin At 2020-03-14 12:53:12.7106735 +0800 CST m=+2003.834688301 succeed.
admin At 2020-03-14 12:53:12.7506657 +0800 CST m=+2003.874680701 succeed.
admin At 2020-03-14 12:53:35.1024582 +0800 CST m=+2026.226567001 succeed.
admin At 2020-03-14 12:53:35.1565109 +0800 CST m=+2026.280620001 succeed.
admin At 2020-03-14 12:53:35.1605094 +0800 CST m=+2026.284618501 succeed.
admin At 2020-03-14 12:53:35.3041696 +0800 CST m=+2026.428279301 succeed.
admin At 2020-03-14 12:53:35.3241716 +0800 CST m=+2026.448281401 succeed.
admin At 2020-03-14 12:53:35.3557379 +0800 CST m=+2026.479847801 succeed.
admin At 2020-03-14 12:53:35.3747534 +0800 CST m=+2026.498863401 succeed.
admin At 2020-03-14 12:53:35.3927525 +0800 CST m=+2026.516862601 succeed.
admin At 2020-03-14 12:53:35.3947379 +0800 CST m=+2026.518848001 succeed.
admin At 2020-03-14 12:53:35.4422666 +0800 CST m=+2026.566376901 succeed.
admin At 2020-03-14 12:53:35.4742626 +0800 CST m=+2026.598373001 succeed.
admin At 2020-03-14 12:53:35.4927821 +0800 CST m=+2026.616892601 succeed.
admin At 2020-03-14 12:53:35.5153311 +0800 CST m=+2026.639441701 succeed.
admin At 2020-03-14 12:53:35.567315 +0800 CST m=+2026.691425801 succeed.
admin At 2020-03-14 12:53:40.463362 +0800 CST m=+2031.587493401 succeed.
admin At 2020-03-14 12:53:40.4993761 +0800 CST m=+2031.623507601 succeed.
admin At 2020-03-14 12:53:40.5093606 +0800 CST m=+2031.633492201 succeed.
admin At 2020-03-14 12:53:40.6157003 +0800 CST m=+2031.739832301 succeed.
admin At 2020-03-14 12:53:40.6323606 +0800 CST m=+2031.756492701 succeed.
admin At 2020-03-14 12:53:40.7044648 +0800 CST m=+2031.828597201 succeed.
admin At 2020-03-14 12:53:40.717457 +0800 CST m=+2031.841589401 succeed.
admin At 2020-03-14 12:53:40.7274586 +0800 CST m=+2031.851591101 succeed.
admin At 2020-03-14 12:53:40.7274586 +0800 CST m=+2031.851591101 succeed.
admin At 2020-03-14 12:53:40.7764617 +0800 CST m=+2031.900594401 succeed.
admin At 2020-03-14 12:53:40.8044601 +0800 CST m=+2031.928592901 succeed.
admin At 2020-03-14 12:53:40.8144598 +0800 CST m=+2031.938592601 succeed.
admin At 2020-03-14 12:53:40.8294613 +0800 CST m=+2031.953594201 succeed.
admin At 2020-03-14 12:53:40.8724612 +0800 CST m=+2031.996594301 succeed.
admin At 2020-03-14 12:54:13.1592443 +0800 CST m=+2064.283513001 succeed.
admin At 2020-03-14 12:54:13.2221624 +0800 CST m=+2064.346431401 succeed.
admin At 2020-03-14 12:54:13.2291658 +0800 CST m=+2064.353434801 succeed.
admin At 2020-03-14 12:54:13.4387369 +0800 CST m=+2064.563006801 succeed.
admin At 2020-03-14 12:54:13.4587373 +0800 CST m=+2064.583007201 succeed.
admin At 2020-03-14 12:54:13.5268103 +0800 CST m=+2064.651080501 succeed.
admin At 2020-03-14 12:54:13.5978062 +0800 CST m=+2064.722076701 succeed.
admin At 2020-03-14 12:54:13.6598044 +0800 CST m=+2064.784075201 succeed.
admin At 2020-03-14 12:54:13.6818029 +0800 CST m=+2064.806073801 succeed.
admin At 2020-03-14 12:54:13.6928031 +0800 CST m=+2064.817074001 succeed.
admin At 2020-03-14 12:54:13.7237985 +0800 CST m=+2064.848069601 succeed.
admin At 2020-03-14 12:54:13.7717997 +0800 CST m=+2064.896071001 succeed.
admin At 2020-03-14 12:54:46.2268029 +0800 CST m=+2097.351210501 succeed.
admin At 2020-03-14 12:54:46.2894196 +0800 CST m=+2097.413827401 succeed.
admin At 2020-03-14 12:54:46.2914232 +0800 CST m=+2097.415831001 succeed.
admin At 2020-03-14 12:54:46.5660225 +0800 CST m=+2097.690431501 succeed.
admin At 2020-03-14 12:54:46.5983539 +0800 CST m=+2097.722763001 succeed.
admin At 2020-03-14 12:54:46.5980224 +0800 CST m=+2097.722431501 succeed.
admin At 2020-03-14 12:54:46.7605458 +0800 CST m=+2097.884955601 succeed.
admin At 2020-03-14 12:54:46.7985596 +0800 CST m=+2097.922969601 succeed.
admin At 2020-03-14 12:54:46.8475478 +0800 CST m=+2097.971958001 succeed.
admin At 2020-03-14 12:54:46.8885463 +0800 CST m=+2098.012956601 succeed.
admin At 2020-03-14 12:54:46.9115447 +0800 CST m=+2098.035955101 succeed.
admin At 2020-03-14 12:54:46.9530682 +0800 CST m=+2098.077478801 succeed.
admin At 2020-03-14 12:55:06.7582374 +0800 CST m=+2117.882731201 succeed.
admin At 2020-03-14 12:55:06.8172504 +0800 CST m=+2117.941744401 succeed.
admin At 2020-03-14 12:55:06.8182595 +0800 CST m=+2117.942753601 succeed.
admin At 2020-03-14 12:55:06.9552846 +0800 CST m=+2118.079779201 succeed.
admin At 2020-03-14 12:55:06.9842864 +0800 CST m=+2118.108781201 succeed.
admin At 2020-03-14 12:55:06.9872852 +0800 CST m=+2118.111780001 succeed.
admin At 2020-03-14 12:55:07.0773384 +0800 CST m=+2118.201833501 succeed.
admin At 2020-03-14 12:55:07.1023447 +0800 CST m=+2118.226839901 succeed.
admin At 2020-03-14 12:55:07.1263905 +0800 CST m=+2118.250885801 succeed.
admin At 2020-03-14 12:55:07.1413905 +0800 CST m=+2118.265885901 succeed.
admin At 2020-03-14 12:55:07.1609176 +0800 CST m=+2118.285413101 succeed.
admin At 2020-03-14 12:55:07.210917 +0800 CST m=+2118.335412701 succeed.
admin At 2020-03-14 12:55:55.3518427 +0800 CST m=+2166.476540601 succeed.
admin At 2020-03-14 12:55:55.3998583 +0800 CST m=+2166.524556401 succeed.
admin At 2020-03-14 12:55:55.3998583 +0800 CST m=+2166.524556401 succeed.
admin At 2020-03-14 12:55:55.5123946 +0800 CST m=+2166.637093201 succeed.
admin At 2020-03-14 12:55:55.5313949 +0800 CST m=+2166.656093501 succeed.
admin At 2020-03-14 12:55:55.5713914 +0800 CST m=+2166.696090201 succeed.
admin At 2020-03-14 12:55:55.6169158 +0800 CST m=+2166.741614801 succeed.
admin At 2020-03-14 12:55:55.6494481 +0800 CST m=+2166.774147201 succeed.
admin At 2020-03-14 12:55:55.6584459 +0800 CST m=+2166.783145101 succeed.
admin At 2020-03-14 12:55:55.669432 +0800 CST m=+2166.794131201 succeed.
admin At 2020-03-14 12:55:55.6804332 +0800 CST m=+2166.805132501 succeed.
admin At 2020-03-14 12:55:55.7184362 +0800 CST m=+2166.843135601 succeed.
admin At 2020-03-14 12:57:03.2067196 +0800 CST m=+2234.331702501 succeed.
admin At 2020-03-14 12:57:03.2429299 +0800 CST m=+2234.367912901 succeed.
admin At 2020-03-14 12:57:03.2500549 +0800 CST m=+2234.375038001 succeed.
admin At 2020-03-14 12:57:03.364929 +0800 CST m=+2234.489912501 succeed.
admin At 2020-03-14 12:57:03.3759277 +0800 CST m=+2234.500911301 succeed.
admin At 2020-03-14 12:57:03.4049275 +0800 CST m=+2234.529911201 succeed.
admin At 2020-03-14 12:57:03.5184532 +0800 CST m=+2234.643437401 succeed.
admin At 2020-03-14 12:57:03.5334535 +0800 CST m=+2234.658437801 succeed.
admin At 2020-03-14 12:57:03.5424528 +0800 CST m=+2234.667437101 succeed.
admin At 2020-03-14 12:57:03.5574655 +0800 CST m=+2234.682449901 succeed.
admin At 2020-03-14 12:57:03.5724568 +0800 CST m=+2234.697441201 succeed.
admin At 2020-03-14 12:57:03.6199772 +0800 CST m=+2234.744961801 succeed.
admin At 2020-03-14 12:57:13.6084381 +0800 CST m=+2244.733464701 succeed.
admin At 2020-03-14 12:57:13.6524394 +0800 CST m=+2244.777466201 succeed.
admin At 2020-03-14 12:57:13.6534382 +0800 CST m=+2244.778465001 succeed.
admin At 2020-03-14 12:57:13.7214379 +0800 CST m=+2244.846464901 succeed.
admin At 2020-03-14 12:57:13.8384911 +0800 CST m=+2244.963518601 succeed.
admin At 2020-03-14 12:57:13.9375588 +0800 CST m=+2245.062586801 succeed.
admin At 2020-03-14 12:57:13.940093 +0800 CST m=+2245.065121001 succeed.
admin At 2020-03-14 12:57:14.0376431 +0800 CST m=+2245.162671501 succeed.
admin At 2020-03-14 12:57:14.1871586 +0800 CST m=+2245.312187601 succeed.
admin At 2020-03-14 12:57:14.1871586 +0800 CST m=+2245.312187601 succeed.
admin At 2020-03-14 12:57:14.2431547 +0800 CST m=+2245.368183901 succeed.
admin At 2020-03-14 12:57:14.2686925 +0800 CST m=+2245.393721801 succeed.
admin At 2020-03-14 12:57:14.2787461 +0800 CST m=+2245.403775501 succeed.
admin At 2020-03-14 12:57:14.3087422 +0800 CST m=+2245.433771701 succeed.
admin At 2020-03-14 12:57:14.3227394 +0800 CST m=+2245.447769001 succeed.
admin At 2020-03-14 12:57:14.3717448 +0800 CST m=+2245.496774601 succeed.
admin At 2020-03-14 12:58:51.374599 +0800 CST m=+2342.500036201 succeed.
admin At 2020-03-14 12:58:51.4316024 +0800 CST m=+2342.557039801 succeed.
admin At 2020-03-14 12:58:51.4316024 +0800 CST m=+2342.557039801 succeed.
admin At 2020-03-14 12:58:51.5581225 +0800 CST m=+2342.683560501 succeed.
admin At 2020-03-14 12:58:51.5651232 +0800 CST m=+2342.690561201 succeed.
admin At 2020-03-14 12:58:51.7337503 +0800 CST m=+2342.859189001 succeed.
admin At 2020-03-14 12:58:51.7347534 +0800 CST m=+2342.860192101 succeed.
admin At 2020-03-14 12:58:51.8763211 +0800 CST m=+2343.001760401 succeed.
admin At 2020-03-14 12:58:52.0353747 +0800 CST m=+2343.160814701 succeed.
admin At 2020-03-14 12:58:52.0363754 +0800 CST m=+2343.161815401 succeed.
admin At 2020-03-14 12:58:52.0993736 +0800 CST m=+2343.224813801 succeed.
admin At 2020-03-14 12:58:52.1323761 +0800 CST m=+2343.257816501 succeed.
admin At 2020-03-14 12:58:52.1573711 +0800 CST m=+2343.282811601 succeed.
admin At 2020-03-14 12:58:52.1713887 +0800 CST m=+2343.296829201 succeed.
admin At 2020-03-14 12:58:52.1883715 +0800 CST m=+2343.313812101 succeed.
admin At 2020-03-14 12:58:52.2503732 +0800 CST m=+2343.375814101 succeed.
admin At 2020-03-14 13:03:35.9556724 +0800 CST m=+2627.082304801 succeed.
admin At 2020-03-14 13:03:36.0076742 +0800 CST m=+2627.134306801 succeed.
admin At 2020-03-14 13:03:36.0096823 +0800 CST m=+2627.136315001 succeed.
admin At 2020-03-14 13:03:36.12326 +0800 CST m=+2627.249893101 succeed.
admin At 2020-03-14 13:03:36.2048055 +0800 CST m=+2627.331439001 succeed.
admin At 2020-03-14 13:03:36.2739375 +0800 CST m=+2627.400571301 succeed.
admin At 2020-03-14 13:03:36.2789396 +0800 CST m=+2627.405573401 succeed.
admin At 2020-03-14 13:03:36.4229839 +0800 CST m=+2627.549618301 succeed.
admin At 2020-03-14 13:03:36.5339847 +0800 CST m=+2627.660619601 succeed.
admin At 2020-03-14 13:03:36.5339847 +0800 CST m=+2627.660619601 succeed.
admin At 2020-03-14 13:03:36.5919833 +0800 CST m=+2627.718618401 succeed.
admin At 2020-03-14 13:03:36.6235151 +0800 CST m=+2627.750150301 succeed.
admin At 2020-03-14 13:03:36.6515137 +0800 CST m=+2627.778149101 succeed.
admin At 2020-03-14 13:03:36.660031 +0800 CST m=+2627.786666401 succeed.
admin At 2020-03-14 13:03:36.6750351 +0800 CST m=+2627.801670601 succeed.
admin At 2020-03-14 13:03:36.7175553 +0800 CST m=+2627.844190901 succeed.
admin At 2020-03-14 13:05:34.3373957 +0800 CST m=+2745.464525301 succeed.
admin At 2020-03-14 13:05:34.4064464 +0800 CST m=+2745.533576301 succeed.
admin At 2020-03-14 13:05:34.4074448 +0800 CST m=+2745.534574701 succeed.
admin At 2020-03-14 13:05:34.4859675 +0800 CST m=+2745.613097801 succeed.
admin At 2020-03-14 13:05:34.5690196 +0800 CST m=+2745.696150201 succeed.
admin At 2020-03-14 13:05:34.6861217 +0800 CST m=+2745.813252801 succeed.
admin At 2020-03-14 13:05:34.6881201 +0800 CST m=+2745.815251201 succeed.
admin At 2020-03-14 13:05:34.8562142 +0800 CST m=+2745.983346001 succeed.
admin At 2020-03-14 13:05:34.936785 +0800 CST m=+2746.063917201 succeed.
admin At 2020-03-14 13:05:34.9397825 +0800 CST m=+2746.066914701 succeed.
admin At 2020-03-14 13:05:34.9913292 +0800 CST m=+2746.118461601 succeed.
admin At 2020-03-14 13:05:35.0198333 +0800 CST m=+2746.146965801 succeed.
admin At 2020-03-14 13:05:35.0323596 +0800 CST m=+2746.159492201 succeed.
admin At 2020-03-14 13:05:35.0623703 +0800 CST m=+2746.189503001 succeed.
admin At 2020-03-14 13:05:35.0753583 +0800 CST m=+2746.202491001 succeed.
admin At 2020-03-14 13:05:35.1178967 +0800 CST m=+2746.245029601 succeed.
admin At 2020-03-14 13:05:49.4431915 +0800 CST m=+2760.570384601 succeed.
admin At 2020-03-14 13:05:49.5032113 +0800 CST m=+2760.630404601 succeed.
admin At 2020-03-14 13:05:49.507216 +0800 CST m=+2760.634409301 succeed.
admin At 2020-03-14 13:05:49.7197339 +0800 CST m=+2760.846928101 succeed.
admin At 2020-03-14 13:05:49.7197339 +0800 CST m=+2760.846928101 succeed.
admin At 2020-03-14 13:05:49.7882577 +0800 CST m=+2760.915452201 succeed.
admin At 2020-03-14 13:05:49.7902591 +0800 CST m=+2760.917453601 succeed.
admin At 2020-03-14 13:05:49.9227959 +0800 CST m=+2761.049991001 succeed.
admin At 2020-03-14 13:05:50.0378426 +0800 CST m=+2761.165038201 succeed.
admin At 2020-03-14 13:05:50.0378426 +0800 CST m=+2761.165038201 succeed.
admin At 2020-03-14 13:05:50.0924354 +0800 CST m=+2761.219631201 succeed.
admin At 2020-03-14 13:05:50.1244348 +0800 CST m=+2761.251630701 succeed.
admin At 2020-03-14 13:05:50.1414329 +0800 CST m=+2761.268628901 succeed.
admin At 2020-03-14 13:05:50.1699804 +0800 CST m=+2761.297176501 succeed.
admin At 2020-03-14 13:05:50.1859699 +0800 CST m=+2761.313166101 succeed.
admin At 2020-03-14 13:05:50.2259704 +0800 CST m=+2761.353166801 succeed.
admin At 2020-03-14 13:06:13.0032637 +0800 CST m=+2784.130555701 succeed.
admin At 2020-03-14 13:06:13.0493115 +0800 CST m=+2784.176603701 succeed.
admin At 2020-03-14 13:06:13.0573163 +0800 CST m=+2784.184608601 succeed.
admin At 2020-03-14 13:06:13.2230991 +0800 CST m=+2784.350392101 succeed.
admin At 2020-03-14 13:06:13.2250982 +0800 CST m=+2784.352391201 succeed.
admin At 2020-03-14 13:06:13.3382069 +0800 CST m=+2784.465500301 succeed.
admin At 2020-03-14 13:06:13.3452047 +0800 CST m=+2784.472498201 succeed.
admin At 2020-03-14 13:06:13.4332071 +0800 CST m=+2784.560500901 succeed.
admin At 2020-03-14 13:06:13.6012538 +0800 CST m=+2784.728548301 succeed.
admin At 2020-03-14 13:06:13.6012538 +0800 CST m=+2784.728548301 succeed.
admin At 2020-03-14 13:06:13.6592612 +0800 CST m=+2784.786556001 succeed.
admin At 2020-03-14 13:06:13.7135892 +0800 CST m=+2784.840884201 succeed.
admin At 2020-03-14 13:06:13.7213013 +0800 CST m=+2784.848596301 succeed.
admin At 2020-03-14 13:06:13.7338126 +0800 CST m=+2784.861107701 succeed.
admin At 2020-03-14 13:06:13.743811 +0800 CST m=+2784.871106101 succeed.
admin At 2020-03-14 13:06:13.7868178 +0800 CST m=+2784.914113101 succeed.
admin At 2020-03-14 13:36:22.7979938 +0800 CST m=+4593.932529601 succeed.
admin At 2020-03-14 13:36:22.8489909 +0800 CST m=+4593.983526901 succeed.
admin At 2020-03-14 13:36:22.8499918 +0800 CST m=+4593.984527801 succeed.
admin At 2020-03-14 13:36:23.0370486 +0800 CST m=+4594.171585301 succeed.
admin At 2020-03-14 13:36:23.0430529 +0800 CST m=+4594.177589601 succeed.
admin At 2020-03-14 13:36:23.1385615 +0800 CST m=+4594.273098601 succeed.
admin At 2020-03-14 13:36:23.151563 +0800 CST m=+4594.286100201 succeed.
admin At 2020-03-14 13:36:23.2800928 +0800 CST m=+4594.414630501 succeed.
admin At 2020-03-14 13:36:23.3908538 +0800 CST m=+4594.525391901 succeed.
admin At 2020-03-14 13:36:23.3918538 +0800 CST m=+4594.526391901 succeed.
admin At 2020-03-14 13:36:23.4475125 +0800 CST m=+4594.582050901 succeed.
admin At 2020-03-14 13:36:23.4690479 +0800 CST m=+4594.603586401 succeed.
admin At 2020-03-14 13:36:23.481033 +0800 CST m=+4594.615571501 succeed.
admin At 2020-03-14 13:36:23.4895595 +0800 CST m=+4594.624098001 succeed.
admin At 2020-03-14 13:36:23.5026262 +0800 CST m=+4594.637164801 succeed.
admin At 2020-03-14 13:36:23.5511614 +0800 CST m=+4594.685700201 succeed.
admin At 2020-03-14 13:36:24.5084872 +0800 CST m=+4595.643029801 succeed.
admin At 2020-03-14 14:46:30.8019267 +0800 CST m=+8802.041163901 succeed.
admin At 2020-03-14 14:46:30.8689226 +0800 CST m=+8802.108160901 succeed.
admin At 2020-03-14 14:46:30.8689226 +0800 CST m=+8802.108160901 succeed.
admin At 2020-03-14 14:46:30.9744529 +0800 CST m=+8802.213693101 succeed.
admin At 2020-03-14 14:46:30.9834523 +0800 CST m=+8802.222692601 succeed.
admin At 2020-03-14 14:46:31.1762835 +0800 CST m=+8802.415527201 succeed.
admin At 2020-03-14 14:46:31.1792655 +0800 CST m=+8802.418509201 succeed.
admin At 2020-03-14 14:46:31.3084764 +0800 CST m=+8802.547722401 succeed.
admin At 2020-03-14 14:46:31.4275937 +0800 CST m=+8802.666841801 succeed.
admin At 2020-03-14 14:46:31.4275937 +0800 CST m=+8802.666841801 succeed.
admin At 2020-03-14 14:46:31.4826004 +0800 CST m=+8802.721849401 succeed.
admin At 2020-03-14 14:46:31.5105935 +0800 CST m=+8802.749843001 succeed.
admin At 2020-03-14 14:46:31.5205956 +0800 CST m=+8802.759845301 succeed.
admin At 2020-03-14 14:46:31.5315938 +0800 CST m=+8802.770843701 succeed.
admin At 2020-03-14 14:46:31.5465923 +0800 CST m=+8802.785842401 succeed.
admin At 2020-03-14 14:46:31.5896091 +0800 CST m=+8802.828860001 succeed.
admin At 2020-03-14 14:46:32.3957584 +0800 CST m=+8803.635023301 succeed.
admin At 2020-03-14 14:46:32.4267535 +0800 CST m=+8803.666018901 succeed.
admin At 2020-03-14 14:46:32.4527517 +0800 CST m=+8803.692017601 succeed.
admin At 2020-03-14 14:46:32.6880232 +0800 CST m=+8803.927293201 succeed.
admin At 2020-03-14 14:46:32.8198694 +0800 CST m=+8804.059141701 succeed.
admin At 2020-03-14 14:46:32.8409009 +0800 CST m=+8804.080173501 succeed.
admin At 2020-03-14 14:46:32.8429075 +0800 CST m=+8804.082180201 succeed.
admin At 2020-03-14 14:46:32.9368997 +0800 CST m=+8804.176174001 succeed.
admin At 2020-03-14 14:46:32.9974806 +0800 CST m=+8804.236756001 succeed.
admin At 2020-03-14 14:46:33.0080009 +0800 CST m=+8804.247276501 succeed.
admin At 2020-03-14 14:47:03.6772915 +0800 CST m=+8834.917100701 succeed.
admin At 2020-03-14 14:47:03.7592788 +0800 CST m=+8834.999089401 succeed.
admin At 2020-03-14 14:47:03.7632812 +0800 CST m=+8835.003091901 succeed.
admin At 2020-03-14 14:47:03.8272761 +0800 CST m=+8835.067087901 succeed.
admin At 2020-03-14 14:47:03.9242732 +0800 CST m=+8835.164086701 succeed.
admin At 2020-03-14 14:47:04.0623426 +0800 CST m=+8835.302158501 succeed.
admin At 2020-03-14 14:47:04.0653283 +0800 CST m=+8835.305144301 succeed.
admin At 2020-03-14 14:47:04.2058567 +0800 CST m=+8835.445675101 succeed.
admin At 2020-03-14 14:47:04.3444276 +0800 CST m=+8835.584248401 succeed.
admin At 2020-03-14 14:47:04.3474399 +0800 CST m=+8835.587260801 succeed.
admin At 2020-03-14 14:47:04.4289702 +0800 CST m=+8835.668792501 succeed.
admin At 2020-03-14 14:47:04.4784031 +0800 CST m=+8835.718226201 succeed.
admin At 2020-03-14 14:47:04.4899509 +0800 CST m=+8835.729774201 succeed.
admin At 2020-03-14 14:47:04.5269534 +0800 CST m=+8835.766777401 succeed.
admin At 2020-03-14 14:47:04.5489531 +0800 CST m=+8835.788777501 succeed.
admin At 2020-03-14 14:47:04.6235077 +0800 CST m=+8835.863333401 succeed.
admin At 2020-03-14 14:47:06.2528658 +0800 CST m=+8837.492719801 succeed.
admin At 2020-03-14 14:47:06.2798657 +0800 CST m=+8837.519720201 succeed.
admin At 2020-03-14 14:47:06.2818641 +0800 CST m=+8837.521718601 succeed.
admin At 2020-03-14 14:47:06.4018584 +0800 CST m=+8837.641715001 succeed.
admin At 2020-03-14 14:47:06.4968615 +0800 CST m=+8837.736719801 succeed.
admin At 2020-03-14 14:47:06.5158589 +0800 CST m=+8837.755717501 succeed.
admin At 2020-03-14 14:47:06.5178571 +0800 CST m=+8837.757715701 succeed.
admin At 2020-03-14 14:47:06.6018564 +0800 CST m=+8837.841716501 succeed.
admin At 2020-03-14 14:47:06.6128547 +0800 CST m=+8837.852715001 succeed.
admin At 2020-03-14 14:47:06.6258579 +0800 CST m=+8837.865718401 succeed.
admin At 2020-03-14 14:47:55.7283851 +0800 CST m=+8886.969100001 succeed.
admin At 2020-03-14 14:49:43.4765339 +0800 CST m=+8994.719123601 succeed.
admin At 2020-03-14 14:49:43.519538 +0800 CST m=+8994.762128501 succeed.
admin At 2020-03-14 14:49:43.5225352 +0800 CST m=+8994.765125701 succeed.
admin At 2020-03-14 14:49:43.6095862 +0800 CST m=+8994.852178201 succeed.
admin At 2020-03-14 14:49:43.6145838 +0800 CST m=+8994.857175901 succeed.
admin At 2020-03-14 14:49:43.788634 +0800 CST m=+8995.031229101 succeed.
admin At 2020-03-14 14:49:43.7921709 +0800 CST m=+8995.034766101 succeed.
admin At 2020-03-14 14:49:43.9318039 +0800 CST m=+8995.174401501 succeed.
admin At 2020-03-14 14:49:44.0157869 +0800 CST m=+8995.258386001 succeed.
admin At 2020-03-14 14:49:44.0157869 +0800 CST m=+8995.258386001 succeed.
admin At 2020-03-14 14:49:44.0597876 +0800 CST m=+8995.302387501 succeed.
admin At 2020-03-14 14:49:44.0817848 +0800 CST m=+8995.324385001 succeed.
admin At 2020-03-14 14:49:44.0907903 +0800 CST m=+8995.333390701 succeed.
admin At 2020-03-14 14:49:44.1023178 +0800 CST m=+8995.344918401 succeed.
admin At 2020-03-14 14:49:44.1173139 +0800 CST m=+8995.359914801 succeed.
admin At 2020-03-14 14:49:44.1553136 +0800 CST m=+8995.397915101 succeed.
admin At 2020-03-14 14:49:44.7675235 +0800 CST m=+8996.010135701 succeed.
admin At 2020-03-14 14:49:44.7915338 +0800 CST m=+8996.034146401 succeed.
admin At 2020-03-14 14:49:44.7955429 +0800 CST m=+8996.038155601 succeed.
admin At 2020-03-14 14:49:44.9314678 +0800 CST m=+8996.174082801 succeed.
admin At 2020-03-14 14:49:45.1401626 +0800 CST m=+8996.382781301 succeed.
admin At 2020-03-14 14:49:45.1551605 +0800 CST m=+8996.397779401 succeed.
admin At 2020-03-14 14:49:45.1551605 +0800 CST m=+8996.397779401 succeed.
admin At 2020-03-14 14:49:45.2121643 +0800 CST m=+8996.454784201 succeed.
admin At 2020-03-14 14:49:45.2601583 +0800 CST m=+8996.502779001 succeed.
admin At 2020-03-14 14:49:45.2771553 +0800 CST m=+8996.519776301 succeed.
admin At 2020-03-14 14:50:33.6714585 +0800 CST m=+9044.914921601 succeed.
admin At 2020-03-14 14:50:33.7178623 +0800 CST m=+9044.961326201 succeed.
admin At 2020-03-14 14:50:33.718867 +0800 CST m=+9044.962330901 succeed.
admin At 2020-03-14 14:50:33.7758605 +0800 CST m=+9045.019325401 succeed.
admin At 2020-03-14 14:50:33.8593797 +0800 CST m=+9045.102846101 succeed.
admin At 2020-03-14 14:50:33.9643743 +0800 CST m=+9045.207842501 succeed.
admin At 2020-03-14 14:50:33.9663756 +0800 CST m=+9045.209843801 succeed.
admin At 2020-03-14 14:50:34.0849008 +0800 CST m=+9045.328371101 succeed.
admin At 2020-03-14 14:50:34.1924487 +0800 CST m=+9045.435920901 succeed.
admin At 2020-03-14 14:50:34.1944483 +0800 CST m=+9045.437920501 succeed.
admin At 2020-03-14 14:50:34.2414472 +0800 CST m=+9045.484920201 succeed.
admin At 2020-03-14 14:50:34.2624464 +0800 CST m=+9045.505919801 succeed.
admin At 2020-03-14 14:50:34.2704461 +0800 CST m=+9045.513919601 succeed.
admin At 2020-03-14 14:50:34.2804488 +0800 CST m=+9045.523922501 succeed.
admin At 2020-03-14 14:50:34.2914465 +0800 CST m=+9045.534920401 succeed.
admin At 2020-03-14 14:50:34.3219776 +0800 CST m=+9045.565452001 succeed.
admin At 2020-03-14 14:50:36.3771053 +0800 CST m=+9047.620615501 succeed.
admin At 2020-03-14 14:50:36.4071165 +0800 CST m=+9047.650627201 succeed.
admin At 2020-03-14 14:50:36.4091076 +0800 CST m=+9047.652618301 succeed.
admin At 2020-03-14 14:50:36.6312451 +0800 CST m=+9047.874759701 succeed.
admin At 2020-03-14 14:50:36.7282445 +0800 CST m=+9047.971760801 succeed.
admin At 2020-03-14 14:50:36.7422444 +0800 CST m=+9047.985760901 succeed.
admin At 2020-03-14 14:50:36.7422444 +0800 CST m=+9047.985760901 succeed.
admin At 2020-03-14 14:50:36.8132409 +0800 CST m=+9048.056758701 succeed.
admin At 2020-03-14 14:50:36.8222413 +0800 CST m=+9048.065759201 succeed.
admin At 2020-03-14 14:50:36.8352689 +0800 CST m=+9048.078787101 succeed.
admin At 2020-03-14 14:52:11.2179666 +0800 CST m=+9142.463127001 succeed.
admin At 2020-03-14 14:52:11.2715031 +0800 CST m=+9142.516664401 succeed.
admin At 2020-03-14 14:52:11.2724985 +0800 CST m=+9142.517659901 succeed.
admin At 2020-03-14 14:52:11.4110471 +0800 CST m=+9142.656210901 succeed.
admin At 2020-03-14 14:52:11.4450454 +0800 CST m=+9142.690209801 succeed.
admin At 2020-03-14 14:52:11.5265765 +0800 CST m=+9142.771742301 succeed.
admin At 2020-03-14 14:52:11.5265765 +0800 CST m=+9142.771742301 succeed.
admin At 2020-03-14 14:52:11.6280868 +0800 CST m=+9142.873254301 succeed.
admin At 2020-03-14 14:52:11.7286029 +0800 CST m=+9142.973772201 succeed.
admin At 2020-03-14 14:52:11.7286029 +0800 CST m=+9142.973772201 succeed.
admin At 2020-03-14 14:52:11.7757055 +0800 CST m=+9143.020875601 succeed.
admin At 2020-03-14 14:52:11.7946992 +0800 CST m=+9143.039869601 succeed.
admin At 2020-03-14 14:52:11.8016996 +0800 CST m=+9143.046870201 succeed.
admin At 2020-03-14 14:52:11.814705 +0800 CST m=+9143.059875801 succeed.
admin At 2020-03-14 14:52:11.8267026 +0800 CST m=+9143.071873601 succeed.
admin At 2020-03-14 14:52:11.8777013 +0800 CST m=+9143.122873201 succeed.
admin At 2020-03-14 14:52:13.7256075 +0800 CST m=+9144.970811501 succeed.
admin At 2020-03-14 14:52:13.7486083 +0800 CST m=+9144.993812701 succeed.
admin At 2020-03-14 14:52:13.7496095 +0800 CST m=+9144.994814001 succeed.
admin At 2020-03-14 14:52:13.8436049 +0800 CST m=+9145.088811001 succeed.
admin At 2020-03-14 14:52:14.078607 +0800 CST m=+9145.323817201 succeed.
admin At 2020-03-14 14:52:14.093609 +0800 CST m=+9145.338819401 succeed.
admin At 2020-03-14 14:52:14.0946061 +0800 CST m=+9145.339816601 succeed.
admin At 2020-03-14 14:52:14.1546011 +0800 CST m=+9145.399812601 succeed.
admin At 2020-03-14 14:52:14.1645991 +0800 CST m=+9145.409810801 succeed.
admin At 2020-03-14 14:52:14.178602 +0800 CST m=+9145.423813901 succeed.
admin At 2020-03-14 14:52:41.5485203 +0800 CST m=+9172.794208501 succeed.
admin At 2020-03-14 14:52:41.6045188 +0800 CST m=+9172.850207901 succeed.
admin At 2020-03-14 14:52:41.6085248 +0800 CST m=+9172.854214001 succeed.
admin At 2020-03-14 14:52:41.7090451 +0800 CST m=+9172.954736101 succeed.
admin At 2020-03-14 14:52:41.7845673 +0800 CST m=+9173.030259601 succeed.
admin At 2020-03-14 14:52:41.9481042 +0800 CST m=+9173.193799301 succeed.
admin At 2020-03-14 14:52:41.9501034 +0800 CST m=+9173.195798501 succeed.
admin At 2020-03-14 14:52:42.0496996 +0800 CST m=+9173.295396501 succeed.
admin At 2020-03-14 14:52:42.2102081 +0800 CST m=+9173.455907801 succeed.
admin At 2020-03-14 14:52:42.2112092 +0800 CST m=+9173.456908901 succeed.
admin At 2020-03-14 14:52:42.2842072 +0800 CST m=+9173.529908201 succeed.
admin At 2020-03-14 14:52:42.3352082 +0800 CST m=+9173.580910001 succeed.
admin At 2020-03-14 14:52:42.3462055 +0800 CST m=+9173.591907501 succeed.
admin At 2020-03-14 14:52:42.3572085 +0800 CST m=+9173.602910701 succeed.
admin At 2020-03-14 14:52:42.3752109 +0800 CST m=+9173.620913401 succeed.
admin At 2020-03-14 14:52:42.4107386 +0800 CST m=+9173.656441801 succeed.
admin At 2020-03-14 14:52:43.6229389 +0800 CST m=+9174.868663201 succeed.
admin At 2020-03-14 14:52:43.645451 +0800 CST m=+9174.891175601 succeed.
admin At 2020-03-14 14:52:43.6464583 +0800 CST m=+9174.892183001 succeed.
admin At 2020-03-14 14:52:43.7164574 +0800 CST m=+9174.962183301 succeed.
admin At 2020-03-14 14:52:43.8475852 +0800 CST m=+9175.093313401 succeed.
admin At 2020-03-14 14:52:43.8602161 +0800 CST m=+9175.105944501 succeed.
admin At 2020-03-14 14:52:43.8612123 +0800 CST m=+9175.106940701 succeed.
admin At 2020-03-14 14:52:43.9342099 +0800 CST m=+9175.179939601 succeed.
admin At 2020-03-14 14:52:43.9492103 +0800 CST m=+9175.194940201 succeed.
admin At 2020-03-14 14:52:43.9622107 +0800 CST m=+9175.207940901 succeed.
admin At 2020-03-14 14:53:25.8596621 +0800 CST m=+9217.106121301 succeed.
admin At 2020-03-14 14:53:25.9056703 +0800 CST m=+9217.152130301 succeed.
admin At 2020-03-14 14:53:25.9066581 +0800 CST m=+9217.153118101 succeed.
admin At 2020-03-14 14:53:25.9761869 +0800 CST m=+9217.222648101 succeed.
admin At 2020-03-14 14:53:26.026187 +0800 CST m=+9217.272649101 succeed.
admin At 2020-03-14 14:53:26.1466333 +0800 CST m=+9217.393097501 succeed.
admin At 2020-03-14 14:53:26.1496363 +0800 CST m=+9217.396100501 succeed.
admin At 2020-03-14 14:53:26.2656323 +0800 CST m=+9217.512098501 succeed.
admin At 2020-03-14 14:53:26.3731435 +0800 CST m=+9217.619611601 succeed.
admin At 2020-03-14 14:53:26.3731435 +0800 CST m=+9217.619611601 succeed.
admin At 2020-03-14 14:53:26.4161419 +0800 CST m=+9217.662610801 succeed.
admin At 2020-03-14 14:53:26.441144 +0800 CST m=+9217.687613301 succeed.
admin At 2020-03-14 14:53:26.4521419 +0800 CST m=+9217.698611401 succeed.
admin At 2020-03-14 14:53:26.461142 +0800 CST m=+9217.707611601 succeed.
admin At 2020-03-14 14:53:26.4721548 +0800 CST m=+9217.718624601 succeed.
admin At 2020-03-14 14:53:26.5081402 +0800 CST m=+9217.754610701 succeed.
admin At 2020-03-14 14:53:27.4665211 +0800 CST m=+9218.713008201 succeed.
admin At 2020-03-14 14:53:27.4935211 +0800 CST m=+9218.740008701 succeed.
admin At 2020-03-14 14:53:27.4935211 +0800 CST m=+9218.740008701 succeed.
admin At 2020-03-14 14:53:27.6361246 +0800 CST m=+9218.882614701 succeed.
admin At 2020-03-14 14:53:27.7311999 +0800 CST m=+9218.977691601 succeed.
admin At 2020-03-14 14:53:27.7491991 +0800 CST m=+9218.995691201 succeed.
admin At 2020-03-14 14:53:27.7501987 +0800 CST m=+9218.996690801 succeed.
admin At 2020-03-14 14:53:27.8232365 +0800 CST m=+9219.069729801 succeed.
admin At 2020-03-14 14:53:27.8552384 +0800 CST m=+9219.101732301 succeed.
admin At 2020-03-14 14:53:27.8673762 +0800 CST m=+9219.113870301 succeed.
admin At 2020-03-14 14:54:18.065249 +0800 CST m=+9269.312616601 succeed.
admin At 2020-03-14 14:54:18.089278 +0800 CST m=+9269.336646001 succeed.
admin At 2020-03-14 14:54:18.0912784 +0800 CST m=+9269.338646401 succeed.
admin At 2020-03-14 14:54:18.2433389 +0800 CST m=+9269.490709601 succeed.
admin At 2020-03-14 14:54:18.362336 +0800 CST m=+9269.609708701 succeed.
admin At 2020-03-14 14:54:18.3763343 +0800 CST m=+9269.623707301 succeed.
admin At 2020-03-14 14:54:18.3773361 +0800 CST m=+9269.624709101 succeed.
admin At 2020-03-14 14:54:18.4673331 +0800 CST m=+9269.714707601 succeed.
admin At 2020-03-14 14:54:18.4793332 +0800 CST m=+9269.726708001 succeed.
admin At 2020-03-14 14:54:18.4903337 +0800 CST m=+9269.737708601 succeed.
admin At 2020-03-14 14:54:19.3295056 +0800 CST m=+9270.576895201 succeed.
admin At 2020-03-14 14:54:22.8605432 +0800 CST m=+9274.107994201 succeed.
admin At 2020-03-14 14:54:22.8934816 +0800 CST m=+9274.140933201 succeed.
admin At 2020-03-14 14:54:22.8934816 +0800 CST m=+9274.140933201 succeed.
admin At 2020-03-14 14:54:23.0120129 +0800 CST m=+9274.259466501 succeed.
admin At 2020-03-14 14:54:23.0130136 +0800 CST m=+9274.260467201 succeed.
admin At 2020-03-14 14:54:23.1440074 +0800 CST m=+9274.391463301 succeed.
admin At 2020-03-14 14:54:23.1460087 +0800 CST m=+9274.393464701 succeed.
admin At 2020-03-14 14:54:23.269016 +0800 CST m=+9274.516474101 succeed.
admin At 2020-03-14 14:54:23.3765174 +0800 CST m=+9274.623977401 succeed.
admin At 2020-03-14 14:54:23.3765174 +0800 CST m=+9274.623977401 succeed.
admin At 2020-03-14 14:54:23.4245175 +0800 CST m=+9274.671978301 succeed.
admin At 2020-03-14 14:54:23.4505175 +0800 CST m=+9274.697978801 succeed.
admin At 2020-03-14 14:54:23.4595146 +0800 CST m=+9274.706976001 succeed.
admin At 2020-03-14 14:54:23.4705261 +0800 CST m=+9274.717987701 succeed.
admin At 2020-03-14 14:54:23.4805157 +0800 CST m=+9274.727977501 succeed.
admin At 2020-03-14 14:54:23.5220435 +0800 CST m=+9274.769506001 succeed.
admin At 2020-03-14 14:54:24.0059526 +0800 CST m=+9275.253423501 succeed.
admin At 2020-03-14 14:54:24.0329487 +0800 CST m=+9275.280420101 succeed.
admin At 2020-03-14 14:54:24.0339504 +0800 CST m=+9275.281421801 succeed.
admin At 2020-03-14 14:54:24.1069462 +0800 CST m=+9275.354418901 succeed.
admin At 2020-03-14 14:54:24.2679599 +0800 CST m=+9275.515435401 succeed.
admin At 2020-03-14 14:54:24.2809438 +0800 CST m=+9275.528419501 succeed.
admin At 2020-03-14 14:54:24.282946 +0800 CST m=+9275.530421701 succeed.
admin At 2020-03-14 14:54:24.3689462 +0800 CST m=+9275.616423401 succeed.
admin At 2020-03-14 14:54:24.4999384 +0800 CST m=+9275.747417901 succeed.
admin At 2020-03-14 14:54:24.5169428 +0800 CST m=+9275.764422601 succeed.
admin At 2020-03-14 14:54:25.0288122 +0800 CST m=+9276.276300901 succeed.
admin At 2020-03-14 14:54:55.9139532 +0800 CST m=+9307.161979301 succeed.
admin At 2020-03-14 14:54:55.9499943 +0800 CST m=+9307.198021001 succeed.
admin At 2020-03-14 14:54:55.9530019 +0800 CST m=+9307.201028701 succeed.
admin At 2020-03-14 14:54:56.0799935 +0800 CST m=+9307.328022501 succeed.
admin At 2020-03-14 14:54:56.081994 +0800 CST m=+9307.330023001 succeed.
admin At 2020-03-14 14:54:56.2335316 +0800 CST m=+9307.481563301 succeed.
admin At 2020-03-14 14:54:56.2335316 +0800 CST m=+9307.481563301 succeed.
admin At 2020-03-14 14:54:56.339524 +0800 CST m=+9307.587557501 succeed.
admin At 2020-03-14 14:54:56.4545214 +0800 CST m=+9307.702556901 succeed.
admin At 2020-03-14 14:54:56.4565215 +0800 CST m=+9307.704557101 succeed.
admin At 2020-03-14 14:54:56.5035222 +0800 CST m=+9307.751558601 succeed.
admin At 2020-03-14 14:54:56.5295235 +0800 CST m=+9307.777560301 succeed.
admin At 2020-03-14 14:54:56.5405194 +0800 CST m=+9307.788556401 succeed.
admin At 2020-03-14 14:54:56.5505213 +0800 CST m=+9307.798558501 succeed.
admin At 2020-03-14 14:54:56.5645241 +0800 CST m=+9307.812561501 succeed.
admin At 2020-03-14 14:54:56.5980343 +0800 CST m=+9307.846072301 succeed.
admin At 2020-03-14 14:54:57.5895088 +0800 CST m=+9308.837564101 succeed.
admin At 2020-03-14 14:54:57.6135117 +0800 CST m=+9308.861567401 succeed.
admin At 2020-03-14 14:54:57.6145086 +0800 CST m=+9308.862564301 succeed.
admin At 2020-03-14 14:54:57.7175041 +0800 CST m=+9308.965561601 succeed.
admin At 2020-03-14 14:54:57.8115038 +0800 CST m=+9309.059562901 succeed.
admin At 2020-03-14 14:54:57.8255045 +0800 CST m=+9309.073563901 succeed.
admin At 2020-03-14 14:54:57.8255045 +0800 CST m=+9309.073563901 succeed.
admin At 2020-03-14 14:54:57.8950168 +0800 CST m=+9309.143077401 succeed.
admin At 2020-03-14 14:54:57.9080224 +0800 CST m=+9309.156083201 succeed.
admin At 2020-03-14 14:54:57.9220172 +0800 CST m=+9309.170078301 succeed.
admin At 2020-03-14 14:54:59.680185 +0800 CST m=+9310.928276701 succeed.
admin At 2020-03-14 14:55:40.058668 +0800 CST m=+9351.307462201 succeed.
admin At 2020-03-14 14:55:40.1286822 +0800 CST m=+9351.377477701 succeed.
admin At 2020-03-14 14:55:40.1286822 +0800 CST m=+9351.377477701 succeed.
admin At 2020-03-14 14:55:40.3007248 +0800 CST m=+9351.549523201 succeed.
admin At 2020-03-14 14:55:40.3027201 +0800 CST m=+9351.551518601 succeed.
admin At 2020-03-14 14:55:40.3817554 +0800 CST m=+9351.630555301 succeed.
admin At 2020-03-14 14:55:40.4647519 +0800 CST m=+9351.713553201 succeed.
admin At 2020-03-14 14:55:40.6518179 +0800 CST m=+9351.900622501 succeed.
admin At 2020-03-14 14:55:40.6928167 +0800 CST m=+9351.941622001 succeed.
admin At 2020-03-14 14:55:40.6928167 +0800 CST m=+9351.941622001 succeed.
admin At 2020-03-14 14:55:40.744816 +0800 CST m=+9351.993622201 succeed.
admin At 2020-03-14 14:55:40.7678152 +0800 CST m=+9352.016621801 succeed.
admin At 2020-03-14 14:55:40.7768803 +0800 CST m=+9352.025687001 succeed.
admin At 2020-03-14 14:55:40.7861201 +0800 CST m=+9352.034927001 succeed.
admin At 2020-03-14 14:55:40.7981222 +0800 CST m=+9352.046929301 succeed.
admin At 2020-03-14 14:55:40.8300531 +0800 CST m=+9352.078860801 succeed.
admin At 2020-03-14 14:55:41.3395865 +0800 CST m=+9352.588403001 succeed.
admin At 2020-03-14 14:55:41.3645859 +0800 CST m=+9352.613402901 succeed.
admin At 2020-03-14 14:55:41.3655866 +0800 CST m=+9352.614403601 succeed.
admin At 2020-03-14 14:55:41.4695825 +0800 CST m=+9352.718401301 succeed.
admin At 2020-03-14 14:55:41.5675816 +0800 CST m=+9352.816402101 succeed.
admin At 2020-03-14 14:55:41.5825842 +0800 CST m=+9352.831405001 succeed.
admin At 2020-03-14 14:55:41.5845816 +0800 CST m=+9352.833402401 succeed.
admin At 2020-03-14 14:55:41.6265876 +0800 CST m=+9352.875409101 succeed.
admin At 2020-03-14 14:55:41.6595836 +0800 CST m=+9352.908405701 succeed.
admin At 2020-03-14 14:55:41.6725817 +0800 CST m=+9352.921404001 succeed.
admin At 2020-03-14 14:55:42.1989172 +0800 CST m=+9353.447748701 succeed.
admin At 2020-03-14 14:59:08.3847662 +0800 CST m=+9559.637185301 succeed.
admin At 2020-03-14 14:59:08.4312968 +0800 CST m=+9559.683716701 succeed.
admin At 2020-03-14 14:59:08.4322985 +0800 CST m=+9559.684718401 succeed.
admin At 2020-03-14 14:59:08.4892971 +0800 CST m=+9559.741718001 succeed.
admin At 2020-03-14 14:59:08.5723306 +0800 CST m=+9559.824753001 succeed.
admin At 2020-03-14 14:59:08.6758559 +0800 CST m=+9559.928280101 succeed.
admin At 2020-03-14 14:59:08.6768545 +0800 CST m=+9559.929278701 succeed.
admin At 2020-03-14 14:59:08.8113726 +0800 CST m=+9560.063799101 succeed.
admin At 2020-03-14 14:59:08.8963714 +0800 CST m=+9560.148799401 succeed.
admin At 2020-03-14 14:59:08.8963714 +0800 CST m=+9560.148799401 succeed.
admin At 2020-03-14 14:59:08.9453704 +0800 CST m=+9560.197799301 succeed.
admin At 2020-03-14 14:59:08.9723754 +0800 CST m=+9560.224804701 succeed.
admin At 2020-03-14 14:59:08.983372 +0800 CST m=+9560.235801501 succeed.
admin At 2020-03-14 14:59:08.9933677 +0800 CST m=+9560.245797401 succeed.
admin At 2020-03-14 14:59:09.0063737 +0800 CST m=+9560.258803601 succeed.
admin At 2020-03-14 14:59:09.042904 +0800 CST m=+9560.295334601 succeed.
admin At 2020-03-14 14:59:09.7780865 +0800 CST m=+9561.030529901 succeed.
admin At 2020-03-14 14:59:09.8020877 +0800 CST m=+9561.054531501 succeed.
admin At 2020-03-14 14:59:09.8020877 +0800 CST m=+9561.054531501 succeed.
admin At 2020-03-14 14:59:10.0238956 +0800 CST m=+9561.276343201 succeed.
admin At 2020-03-14 14:59:10.133375 +0800 CST m=+9561.385824501 succeed.
admin At 2020-03-14 14:59:10.1653703 +0800 CST m=+9561.417820401 succeed.
admin At 2020-03-14 14:59:10.1663746 +0800 CST m=+9561.418824701 succeed.
admin At 2020-03-14 14:59:10.2198888 +0800 CST m=+9561.472339801 succeed.
admin At 2020-03-14 14:59:10.2448899 +0800 CST m=+9561.497341401 succeed.
admin At 2020-03-14 14:59:10.2578887 +0800 CST m=+9561.510340401 succeed.
admin At 2020-03-14 14:59:10.8642042 +0800 CST m=+9562.116666501 succeed.
admin At 2020-03-14 16:16:15.4057917 +0800 CST m=+14186.727265601 succeed.
admin At 2020-03-14 16:16:15.4587887 +0800 CST m=+14186.780263201 succeed.
admin At 2020-03-14 16:16:15.4617866 +0800 CST m=+14186.783261101 succeed.
admin At 2020-03-14 16:16:15.618315 +0800 CST m=+14186.939791301 succeed.
admin At 2020-03-14 16:16:15.8853138 +0800 CST m=+14187.206793201 succeed.
admin At 2020-03-14 16:16:15.9283114 +0800 CST m=+14187.249791301 succeed.
admin At 2020-03-14 16:16:15.9283114 +0800 CST m=+14187.249791301 succeed.
admin At 2020-03-14 16:16:16.0603148 +0800 CST m=+14187.381796201 succeed.
admin At 2020-03-14 16:16:16.1053108 +0800 CST m=+14187.426792801 succeed.
admin At 2020-03-14 16:16:16.1513114 +0800 CST m=+14187.472793901 succeed.
admin At 2020-03-14 16:16:20.8251007 +0800 CST m=+14192.146637401 succeed.
start frps-auth.
bind 127.0.0.1:4000
bucket is empty
start frps-auth.
bind 127.0.0.1:4000
start frps-auth.
bind 127.0.0.1:4000
start frps-auth.
bind 127.0.0.1:4000
start frps-auth.
bind 127.0.0.1:4000
start frps-auth.
bind 127.0.0.1:4000
start frps-auth.
bind 127.0.0.1:4000
start frps-auth.
bind 127.0.0.1:4000
start frps-auth.
bind 127.0.0.1:4000
start frps-auth.
bind 127.0.0.1:4000
start frps-auth.
bind 127.0.0.1:4000
start frps-auth.
bind 127.0.0.1:4000
start frps-auth.
bind 127.0.0.1:4000
start frps-auth.
bind 127.0.0.1:4000
start frps-auth.
bind 127.0.0.1:4000
start frps-auth.
bind 127.0.0.1:4000
start frps-auth.
bind 127.0.0.1:4000
start frps-auth.
bind 127.0.0.1:4000
start frps-auth.
bind 127.0.0.1:4000
start frps-auth.
bind 127.0.0.1:4000
start frps-auth.
bind 127.0.0.1:4000
__pt:http__,__pn:cp__,__rp:0__,__vt:%!d(string=)__
start frps-auth.
bind 127.0.0.1:4000
__pt:http__,__pn:cp__,__rp:0__,__vt:__
__pt:123__,__pn:12__,__rp:123__,__vt:__
__pt:http__,__pn:cp__,__rp:0__,__vt:1585612800000__
__pt:tcp__,__pn:redis__,__rp:4444__,__vt:__
__pt:tcp__,__pn:redis__,__rp:4444__,__vt:__
__pt:http__,__pn:cp__,__rp:0__,__vt:1585612800000__
__pt:tcp__,__pn:redis__,__rp:4444__,__vt:__
__pt:http__,__pn:cp__,__rp:0__,__vt:1585612800000__
__pt:tcp__,__pn:redis__,__rp:4444__,__vt:__
__pt:http__,__pn:cp__,__rp:0__,__vt:1585612800000__
__pt:tcp__,__pn:redis__,__rp:4444__,__vt:__
__pt:http__,__pn:cp__,__rp:0__,__vt:1585612800000__
__pt:http__,__pn:cp__,__rp:0__,__vt:1585612800000__
__pt:tcp__,__pn:redis__,__rp:4444__,__vt:__
__pt:tcp__,__pn:redis__,__rp:4444__,__vt:__
__pt:http__,__pn:cp__,__rp:0__,__vt:1585612800000__
__pt:tcp__,__pn:redis__,__rp:4444__,__vt:__
__pt:http__,__pn:cp__,__rp:0__,__vt:1585612800000__
__pt:http__,__pn:cp__,__rp:0__,__vt:1585612800000__
__pt:tcp__,__pn:redis__,__rp:4444__,__vt:__
__pt:tcp__,__pn:redis__,__rp:4444__,__vt:__
__pt:http__,__pn:cp__,__rp:0__,__vt:1585612800000__
start frps-auth.
bind 127.0.0.1:4000
__pt:tcp__,__pn:redis__,__rp:4444__,__vt:__
__pt:http__,__pn:cp__,__rp:0__,__vt:1585612800000__
__pt:http__,__pn:cp__,__rp:0__,__vt:1585612800000__
__pt:http__,__pn:cp__,__rp:0__,__vt:1585612800000__
__pt:tcp__,__pn:redis__,__rp:4444__,__vt:__
__pt:tcp__,__pn:redis__,__rp:4444__,__vt:__
__pt:http__,__pn:cp__,__rp:0__,__vt:1585612800000__
__pt:http__,__pn:cp__,__rp:0__,__vt:1585612800000__
__pt:tcp__,__pn:redis__,__rp:4444__,__vt:__
__pt:http__,__pn:cp__,__rp:0__,__vt:1585612800000__
__pt:tcp__,__pn:redis__,__rp:4444__,__vt:__
__pt:http__,__pn:cp__,__rp:0__,__vt:1585612800000__
__pt:tcp__,__pn:redis__,__rp:4444__,__vt:__
__pt:http__,__pn:cp__,__rp:0__,__vt:1585612800000__
__pt:tcp__,__pn:redis__,__rp:4444__,__vt:__
__pt:http__,__pn:cp__,__rp:0__,__vt:1585612800000__
__pt:tcp__,__pn:redis__,__rp:4444__,__vt:__
__pt:tcp__,__pn:redis__,__rp:4444__,__vt:__
__pt:http__,__pn:cp__,__rp:0__,__vt:1585612800000__
__pt:http__,__pn:cp__,__rp:0__,__vt:1585612800000__
__pt:tcp__,__pn:redis__,__rp:4444__,__vt:__
__pt:tcp__,__pn:redis__,__rp:4444__,__vt:__
__pt:http__,__pn:cp__,__rp:0__,__vt:1585612800000__
__pt:http__,__pn:cp__,__rp:0__,__vt:1585612800000__
__pt:tcp__,__pn:redis__,__rp:4444__,__vt:__
__pt:tcp__,__pn:redis__,__rp:4444__,__vt:__
__pt:http__,__pn:cp__,__rp:0__,__vt:1585612800000__
__pt:tcp__,__pn:redis__,__rp:4444__,__vt:__
__pt:http__,__pn:cp__,__rp:0__,__vt:1585612800000__
__pt:tcp__,__pn:redis__,__rp:4444__,__vt:__
__pt:http__,__pn:cp__,__rp:0__,__vt:1585612800000__
__pt:http__,__pn:cp__,__rp:0__,__vt:1585612800000__
__pt:tcp__,__pn:redis__,__rp:4444__,__vt:__
__pt:http__,__pn:cp__,__rp:0__,__vt:1585612800000__
__pt:tcp__,__pn:redis__,__rp:4444__,__vt:__
__pt:http__,__pn:cp__,__rp:0__,__vt:1585612800000__
__pt:tcp__,__pn:redis__,__rp:4444__,__vt:__
__pt:tcp__,__pn:redis__,__rp:4444__,__vt:__
__pt:http__,__pn:cp__,__rp:0__,__vt:1585612800000__
__pt:tcp__,__pn:redis__,__rp:4444__,__vt:__
__pt:http__,__pn:cp__,__rp:0__,__vt:1585612800000__
__pt:http__,__pn:cp__,__rp:0__,__vt:1585612800000__
__pt:tcp__,__pn:redis__,__rp:4444__,__vt:__
__pt:http__,__pn:cp__,__rp:0__,__vt:1585612800000__
__pt:tcp__,__pn:redis__,__rp:4444__,__vt:__
__pt:tcp__,__pn:redis__,__rp:4444__,__vt:__
__pt:http__,__pn:cp__,__rp:0__,__vt:1585612800000__
__pt:tcp__,__pn:redis__,__rp:4444__,__vt:__
__pt:http__,__pn:cp__,__rp:0__,__vt:1585612800000__
__pt:tcp__,__pn:redis__,__rp:4444__,__vt:__
__pt:http__,__pn:cp__,__rp:0__,__vt:1585612800000__
__pt:http__,__pn:cp__,__rp:0__,__vt:1585612800000__
__pt:tcp__,__pn:redis__,__rp:4444__,__vt:__
__pt:tcp__,__pn:redis__,__rp:4444__,__vt:__
__pt:http__,__pn:cp__,__rp:0__,__vt:1585612800000__
__pt:http__,__pn:cp__,__rp:0__,__vt:1585612800000__
__pt:tcp__,__pn:redis__,__rp:4444__,__vt:__
__pt:tcp__,__pn:redis__,__rp:4444__,__vt:__
__pt:http__,__pn:cp__,__rp:0__,__vt:1585612800000__
__pt:tcp__,__pn:redis__,__rp:4444__,__vt:__
__pt:http__,__pn:cp__,__rp:0__,__vt:1585612800000__
__pt:http__,__pn:cp__,__rp:0__,__vt:1585612800000__
__pt:tcp__,__pn:redis__,__rp:4444__,__vt:__
__pt:tcp__,__pn:redis__,__rp:4444__,__vt:__
__pt:http__,__pn:cp__,__rp:0__,__vt:1585612800000__
__pt:tcp__,__pn:redis__,__rp:4444__,__vt:__
__pt:http__,__pn:cp__,__rp:0__,__vt:1585612800000__
__pt:http__,__pn:cp__,__rp:0__,__vt:1585612800000__
__pt:tcp__,__pn:redis__,__rp:4444__,__vt:__
__pt:tcp__,__pn:redis__,__rp:4444__,__vt:__
__pt:http__,__pn:cp__,__rp:0__,__vt:1585612800000__
__pt:http__,__pn:cp__,__rp:0__,__vt:1585612800000__
__pt:tcp__,__pn:redis__,__rp:4444__,__vt:__
__pt:tcp__,__pn:redis__,__rp:4444__,__vt:__
__pt:http__,__pn:cp__,__rp:0__,__vt:1585612800000__
__pt:http__,__pn:cp__,__rp:0__,__vt:1585612800000__
__pt:tcp__,__pn:redis__,__rp:4444__,__vt:__
__pt:http__,__pn:cp__,__rp:0__,__vt:1585612800000__
__pt:tcp__,__pn:redis__,__rp:4444__,__vt:__
__pt:tcp__,__pn:redis__,__rp:4444__,__vt:__
__pt:http__,__pn:cp__,__rp:0__,__vt:1585612800000__
__pt:http__,__pn:cp__,__rp:0__,__vt:1585612800000__
__pt:tcp__,__pn:redis__,__rp:4444__,__vt:__
__pt:http__,__pn:cp__,__rp:0__,__vt:1585612800000__
__pt:tcp__,__pn:redis__,__rp:4444__,__vt:__
__pt:tcp__,__pn:redis__,__rp:4444__,__vt:__
__pt:http__,__pn:cp__,__rp:0__,__vt:1585612800000__
__pt:http__,__pn:cp__,__rp:0__,__vt:1585612800000__
__pt:tcp__,__pn:redis__,__rp:4444__,__vt:__
__pt:http__,__pn:cp__,__rp:0__,__vt:1585612800000__
__pt:tcp__,__pn:redis__,__rp:4444__,__vt:__
__pt:tcp__,__pn:redis__,__rp:4444__,__vt:__
__pt:http__,__pn:cp__,__rp:0__,__vt:1585612800000__
__pt:tcp__,__pn:redis__,__rp:4444__,__vt:__
__pt:http__,__pn:cp__,__rp:0__,__vt:1585612800000__
__pt:http__,__pn:cp__,__rp:0__,__vt:1585612800000__
__pt:tcp__,__pn:redis__,__rp:4444__,__vt:__
__pt:tcp__,__pn:redis__,__rp:4444__,__vt:__
__pt:http__,__pn:cp__,__rp:0__,__vt:1585612800000__
__pt:http__,__pn:cp__,__rp:0__,__vt:1585612800000__
__pt:tcp__,__pn:redis__,__rp:4444__,__vt:__
__pt:tcp__,__pn:redis__,__rp:4444__,__vt:__
__pt:http__,__pn:cp__,__rp:0__,__vt:1585612800000__
__pt:http__,__pn:cp__,__rp:0__,__vt:1585612800000__
__pt:tcp__,__pn:redis__,__rp:4444__,__vt:__
__pt:tcp__,__pn:redis__,__rp:4444__,__vt:__
__pt:http__,__pn:cp__,__rp:0__,__vt:1585612800000__
__pt:tcp__,__pn:redis__,__rp:4444__,__vt:__
__pt:http__,__pn:cp__,__rp:0__,__vt:1585612800000__
__pt:tcp__,__pn:redis__,__rp:4444__,__vt:__
__pt:http__,__pn:cp__,__rp:0__,__vt:1585612800000__
__pt:tcp__,__pn:redis__,__rp:4444__,__vt:__
__pt:http__,__pn:cp__,__rp:0__,__vt:1585612800000__
__pt:http__,__pn:cp__,__rp:0__,__vt:1585612800000__
__pt:tcp__,__pn:redis__,__rp:4444__,__vt:__
__pt:http__,__pn:cp__,__rp:0__,__vt:1585612800000__
__pt:tcp__,__pn:redis__,__rp:4444__,__vt:__
__pt:http__,__pn:cp__,__rp:0__,__vt:1585612800000__
__pt:tcp__,__pn:redis__,__rp:4444__,__vt:__
__pt:http__,__pn:cp__,__rp:0__,__vt:1585612800000__
__pt:tcp__,__pn:redis__,__rp:4444__,__vt:__
__pt:http__,__pn:cp__,__rp:0__,__vt:1585612800000__
__pt:tcp__,__pn:redis__,__rp:4444__,__vt:__
__pt:http__,__pn:cp__,__rp:0__,__vt:1585612800000__
__pt:tcp__,__pn:redis__,__rp:4444__,__vt:__
__pt:http__,__pn:cp__,__rp:0__,__vt:1585612800000__
__pt:tcp__,__pn:redis__,__rp:4444__,__vt:__
__pt:http__,__pn:cp__,__rp:0__,__vt:1585612800000__
__pt:tcp__,__pn:redis__,__rp:4444__,__vt:__
__pt:http__,__pn:cp__,__rp:0__,__vt:1585612800000__
__pt:tcp__,__pn:redis__,__rp:4444__,__vt:__
__pt:http__,__pn:cp__,__rp:0__,__vt:1585612800000__
__pt:tcp__,__pn:redis__,__rp:4444__,__vt:__
__pt:http__,__pn:cp__,__rp:0__,__vt:1585612800000__
__pt:tcp__,__pn:redis__,__rp:4444__,__vt:__
__pt:http__,__pn:cp__,__rp:0__,__vt:1585612800000__
__pt:tcp__,__pn:redis__,__rp:4444__,__vt:__
__pt:tcp__,__pn:redis__,__rp:4444__,__vt:__
__pt:http__,__pn:cp__,__rp:0__,__vt:1585612800000__
__pt:tcp__,__pn:redis__,__rp:4444__,__vt:__
__pt:http__,__pn:cp__,__rp:0__,__vt:1585612800000__
__pt:http__,__pn:cp__,__rp:0__,__vt:1585612800000__
__pt:tcp__,__pn:redis__,__rp:4444__,__vt:__
__pt:tcp__,__pn:redis__,__rp:4444__,__vt:__
__pt:http__,__pn:cp__,__rp:0__,__vt:1585612800000__
__pt:http__,__pn:cp__,__rp:0__,__vt:1585612800000__
__pt:tcp__,__pn:redis__,__rp:4444__,__vt:__
__pt:http__,__pn:cp__,__rp:0__,__vt:1585612800000__
__pt:tcp__,__pn:redis__,__rp:4444__,__vt:__
21:23:52.265 main > INFO 001 start frps-auth.
21:23:52.265 main > INFO 002 bind 127.0.0.1:4000
21:24:10.692 SignMD5 > INFO 003 __pt:tcp__,__pn:redis__,__rp:4444__,__vt:__
21:24:11.001 SignMD5 > INFO 004 __pt:http__,__pn:cp__,__rp:0__,__vt:1585612800000__
21:24:41.325 SignMD5 > INFO 005 __pt:http__,__pn:cp__,__rp:0__,__vt:1585612800000__
21:24:41.663 SignMD5 > INFO 006 __pt:tcp__,__pn:redis__,__rp:4444__,__vt:__
21:24:50.860 main > INFO 001 start frps-auth.
21:24:50.861 main > INFO 002 bind 127.0.0.1:4000
21:25:13.698 SignMD5 > INFO 003 __pt:http__,__pn:cp__,__rp:0__,__vt:1585612800000__
21:25:15.745 SignMD5 > INFO 004 __pt:tcp__,__pn:redis__,__rp:4444__,__vt:__
21:25:41.574 SignMD5 > INFO 005 __pt:tcp__,__pn:redis__,__rp:4444__,__vt:__
21:25:41.897 SignMD5 > INFO 006 __pt:http__,__pn:cp__,__rp:0__,__vt:1585612800000__
21:26:12.121 SignMD5 > INFO 007 __pt:tcp__,__pn:redis__,__rp:4444__,__vt:__
21:26:13.424 SignMD5 > INFO 008 __pt:http__,__pn:cp__,__rp:0__,__vt:1585612800000__
21:26:42.131 SignMD5 > INFO 009 __pt:http__,__pn:cp__,__rp:0__,__vt:1585612800000__
21:26:42.467 SignMD5 > INFO 00a __pt:tcp__,__pn:redis__,__rp:4444__,__vt:__
21:27:13.390 SignMD5 > INFO 00b __pt:http__,__pn:cp__,__rp:0__,__vt:1585612800000__
21:27:14.734 SignMD5 > INFO 00c __pt:tcp__,__pn:redis__,__rp:4444__,__vt:__
21:27:42.670 SignMD5 > INFO 00d __pt:http__,__pn:cp__,__rp:0__,__vt:1585612800000__
21:27:43.690 SignMD5 > INFO 00e __pt:tcp__,__pn:redis__,__rp:4444__,__vt:__
21:28:13.986 SignMD5 > INFO 00f __pt:tcp__,__pn:redis__,__rp:4444__,__vt:__
21:28:14.774 SignMD5 > INFO 010 __pt:http__,__pn:cp__,__rp:0__,__vt:1585612800000__
21:28:44.339 SignMD5 > INFO 011 __pt:http__,__pn:cp__,__rp:0__,__vt:1585612800000__
21:28:44.689 SignMD5 > INFO 012 __pt:tcp__,__pn:redis__,__rp:4444__,__vt:__
21:29:14.530 SignMD5 > INFO 013 __pt:http__,__pn:cp__,__rp:0__,__vt:1585612800000__
21:29:19.057 SignMD5 > INFO 014 __pt:tcp__,__pn:redis__,__rp:4444__,__vt:__
21:29:43.888 SignMD5 > INFO 015 __pt:tcp__,__pn:redis__,__rp:4444__,__vt:__
21:29:46.402 SignMD5 > INFO 016 __pt:http__,__pn:cp__,__rp:0__,__vt:1585612800000__
21:30:14.300 SignMD5 > INFO 017 __pt:http__,__pn:cp__,__rp:0__,__vt:1585612800000__
21:30:15.587 SignMD5 > INFO 018 __pt:tcp__,__pn:redis__,__rp:4444__,__vt:__
21:30:45.633 SignMD5 > INFO 019 __pt:tcp__,__pn:redis__,__rp:4444__,__vt:__
21:30:45.940 SignMD5 > INFO 01a __pt:http__,__pn:cp__,__rp:0__,__vt:1585612800000__
21:31:15.695 SignMD5 > INFO 01b __pt:tcp__,__pn:redis__,__rp:4444__,__vt:__
21:31:17.026 SignMD5 > INFO 01c __pt:http__,__pn:cp__,__rp:0__,__vt:1585612800000__
21:31:45.859 SignMD5 > INFO 01d __pt:http__,__pn:cp__,__rp:0__,__vt:1585612800000__
21:31:46.406 SignMD5 > INFO 01e __pt:tcp__,__pn:redis__,__rp:4444__,__vt:__
21:32:15.751 SignMD5 > INFO 01f __pt:tcp__,__pn:redis__,__rp:4444__,__vt:__
21:32:16.320 SignMD5 > INFO 020 __pt:http__,__pn:cp__,__rp:0__,__vt:1585612800000__
21:32:47.268 SignMD5 > INFO 021 __pt:http__,__pn:cp__,__rp:0__,__vt:1585612800000__
21:32:48.560 SignMD5 > INFO 022 __pt:tcp__,__pn:redis__,__rp:4444__,__vt:__
21:33:16.216 SignMD5 > INFO 023 __pt:http__,__pn:cp__,__rp:0__,__vt:1585612800000__
21:33:16.545 SignMD5 > INFO 024 __pt:tcp__,__pn:redis__,__rp:4444__,__vt:__
21:33:46.188 SignMD5 > INFO 025 __pt:tcp__,__pn:redis__,__rp:4444__,__vt:__
21:33:46.526 SignMD5 > INFO 026 __pt:http__,__pn:cp__,__rp:0__,__vt:1585612800000__
21:34:17.143 SignMD5 > INFO 027 __pt:http__,__pn:cp__,__rp:0__,__vt:1585612800000__
21:34:18.403 SignMD5 > INFO 028 __pt:tcp__,__pn:redis__,__rp:4444__,__vt:__
21:34:47.650 SignMD5 > INFO 029 __pt:http__,__pn:cp__,__rp:0__,__vt:1585612800000__
21:34:47.966 SignMD5 > INFO 02a __pt:tcp__,__pn:redis__,__rp:4444__,__vt:__
21:35:17.049 SignMD5 > INFO 02b __pt:http__,__pn:cp__,__rp:0__,__vt:1585612800000__
21:35:17.373 SignMD5 > INFO 02c __pt:tcp__,__pn:redis__,__rp:4444__,__vt:__
21:35:47.539 SignMD5 > INFO 02d __pt:http__,__pn:cp__,__rp:0__,__vt:1585612800000__
21:35:47.839 SignMD5 > INFO 02e __pt:tcp__,__pn:redis__,__rp:4444__,__vt:__
21:36:17.644 SignMD5 > INFO 02f __pt:tcp__,__pn:redis__,__rp:4444__,__vt:__
21:36:18.851 SignMD5 > INFO 030 __pt:http__,__pn:cp__,__rp:0__,__vt:1585612800000__
21:36:47.925 SignMD5 > INFO 031 __pt:http__,__pn:cp__,__rp:0__,__vt:1585612800000__
21:36:48.244 SignMD5 > INFO 032 __pt:tcp__,__pn:redis__,__rp:4444__,__vt:__
21:37:19.394 SignMD5 > INFO 033 __pt:tcp__,__pn:redis__,__rp:4444__,__vt:__
21:37:19.723 SignMD5 > INFO 034 __pt:http__,__pn:cp__,__rp:0__,__vt:1585612800000__
21:37:49.602 SignMD5 > INFO 035 __pt:tcp__,__pn:redis__,__rp:4444__,__vt:__
21:37:49.927 SignMD5 > INFO 036 __pt:http__,__pn:cp__,__rp:0__,__vt:1585612800000__
21:38:19.053 SignMD5 > INFO 037 __pt:tcp__,__pn:redis__,__rp:4444__,__vt:__
21:38:19.373 SignMD5 > INFO 038 __pt:http__,__pn:cp__,__rp:0__,__vt:1585612800000__
21:38:50.066 SignMD5 > INFO 039 __pt:http__,__pn:cp__,__rp:0__,__vt:1585612800000__
21:38:52.081 SignMD5 > INFO 03a __pt:tcp__,__pn:redis__,__rp:4444__,__vt:__
21:39:20.461 SignMD5 > INFO 03b __pt:http__,__pn:cp__,__rp:0__,__vt:1585612800000__
21:39:21.777 SignMD5 > INFO 03c __pt:tcp__,__pn:redis__,__rp:4444__,__vt:__
21:39:49.907 SignMD5 > INFO 03d __pt:http__,__pn:cp__,__rp:0__,__vt:1585612800000__
21:39:50.908 SignMD5 > INFO 03e __pt:tcp__,__pn:redis__,__rp:4444__,__vt:__
21:40:20.470 SignMD5 > INFO 03f __pt:http__,__pn:cp__,__rp:0__,__vt:1585612800000__
21:40:20.798 SignMD5 > INFO 040 __pt:tcp__,__pn:redis__,__rp:4444__,__vt:__
21:40:50.548 SignMD5 > INFO 041 __pt:http__,__pn:cp__,__rp:0__,__vt:1585612800000__
21:40:51.590 SignMD5 > INFO 042 __pt:tcp__,__pn:redis__,__rp:4444__,__vt:__
21:41:21.602 SignMD5 > INFO 043 __pt:tcp__,__pn:redis__,__rp:4444__,__vt:__
21:41:21.928 SignMD5 > INFO 044 __pt:http__,__pn:cp__,__rp:0__,__vt:1585612800000__
21:41:51.151 SignMD5 > INFO 045 __pt:tcp__,__pn:redis__,__rp:4444__,__vt:__
21:41:51.668 SignMD5 > INFO 046 __pt:http__,__pn:cp__,__rp:0__,__vt:1585612800000__
21:42:21.458 SignMD5 > INFO 047 __pt:tcp__,__pn:redis__,__rp:4444__,__vt:__
21:42:21.793 SignMD5 > INFO 048 __pt:http__,__pn:cp__,__rp:0__,__vt:1585612800000__
21:42:51.746 SignMD5 > INFO 049 __pt:tcp__,__pn:redis__,__rp:4444__,__vt:__
21:42:52.358 SignMD5 > INFO 04a __pt:http__,__pn:cp__,__rp:0__,__vt:1585612800000__
21:43:22.853 SignMD5 > INFO 04b __pt:http__,__pn:cp__,__rp:0__,__vt:1585612800000__
21:43:23.184 SignMD5 > INFO 04c __pt:tcp__,__pn:redis__,__rp:4444__,__vt:__
21:43:52.632 SignMD5 > INFO 04d __pt:tcp__,__pn:redis__,__rp:4444__,__vt:__
21:43:52.975 SignMD5 > INFO 04e __pt:http__,__pn:cp__,__rp:0__,__vt:1585612800000__
21:44:22.780 SignMD5 > INFO 04f __pt:http__,__pn:cp__,__rp:0__,__vt:1585612800000__
21:44:25.266 SignMD5 > INFO 050 __pt:tcp__,__pn:redis__,__rp:4444__,__vt:__
21:44:53.989 SignMD5 > INFO 051 __pt:tcp__,__pn:redis__,__rp:4444__,__vt:__
21:44:55.335 SignMD5 > INFO 052 __pt:http__,__pn:cp__,__rp:0__,__vt:1585612800000__
21:45:23.595 SignMD5 > INFO 053 __pt:http__,__pn:cp__,__rp:0__,__vt:1585612800000__
21:45:24.189 SignMD5 > INFO 054 __pt:tcp__,__pn:redis__,__rp:4444__,__vt:__
21:45:53.508 SignMD5 > INFO 055 __pt:http__,__pn:cp__,__rp:0__,__vt:1585612800000__
21:45:54.035 SignMD5 > INFO 056 __pt:tcp__,__pn:redis__,__rp:4444__,__vt:__
21:46:23.756 SignMD5 > INFO 057 __pt:http__,__pn:cp__,__rp:0__,__vt:1585612800000__
21:46:24.386 SignMD5 > INFO 058 __pt:tcp__,__pn:redis__,__rp:4444__,__vt:__
21:46:55.464 SignMD5 > INFO 059 __pt:http__,__pn:cp__,__rp:0__,__vt:1585612800000__
21:46:57.669 SignMD5 > INFO 05a __pt:tcp__,__pn:redis__,__rp:4444__,__vt:__
21:47:25.673 SignMD5 > INFO 05b __pt:http__,__pn:cp__,__rp:0__,__vt:1585612800000__
21:47:26.295 SignMD5 > INFO 05c __pt:tcp__,__pn:redis__,__rp:4444__,__vt:__
21:47:57.861 SignMD5 > INFO 05d __pt:tcp__,__pn:redis__,__rp:4444__,__vt:__
21:47:58.182 SignMD5 > INFO 05e __pt:http__,__pn:cp__,__rp:0__,__vt:1585612800000__
21:48:25.948 SignMD5 > INFO 05f __pt:tcp__,__pn:redis__,__rp:4444__,__vt:__
21:48:27.955 SignMD5 > INFO 060 __pt:http__,__pn:cp__,__rp:0__,__vt:1585612800000__
21:48:58.483 SignMD5 > INFO 061 __pt:http__,__pn:cp__,__rp:0__,__vt:1585612800000__
21:48:59.105 SignMD5 > INFO 062 __pt:tcp__,__pn:redis__,__rp:4444__,__vt:__
21:49:26.728 SignMD5 > INFO 063 __pt:http__,__pn:cp__,__rp:0__,__vt:1585612800000__
21:49:30.552 SignMD5 > INFO 064 __pt:tcp__,__pn:redis__,__rp:4444__,__vt:__
21:49:57.637 SignMD5 > INFO 065 __pt:tcp__,__pn:redis__,__rp:4444__,__vt:__
21:49:58.884 SignMD5 > INFO 066 __pt:http__,__pn:cp__,__rp:0__,__vt:1585612800000__
21:50:32.813 SignMD5 > INFO 067 __pt:tcp__,__pn:redis__,__rp:4444__,__vt:__
21:50:33.152 SignMD5 > INFO 068 __pt:http__,__pn:cp__,__rp:0__,__vt:1585612800000__
21:50:59.337 SignMD5 > INFO 069 __pt:http__,__pn:cp__,__rp:0__,__vt:1585612800000__
21:51:00.902 SignMD5 > INFO 06a __pt:tcp__,__pn:redis__,__rp:4444__,__vt:__
21:51:29.766 SignMD5 > INFO 06b __pt:tcp__,__pn:redis__,__rp:4444__,__vt:__
21:51:30.463 SignMD5 > INFO 06c __pt:http__,__pn:cp__,__rp:0__,__vt:1585612800000__
21:51:59.166 SignMD5 > INFO 06d __pt:tcp__,__pn:redis__,__rp:4444__,__vt:__
21:51:59.492 SignMD5 > INFO 06e __pt:http__,__pn:cp__,__rp:0__,__vt:1585612800000__
21:52:29.710 SignMD5 > INFO 06f __pt:tcp__,__pn:redis__,__rp:4444__,__vt:__
21:52:30.950 SignMD5 > INFO 070 __pt:http__,__pn:cp__,__rp:0__,__vt:1585612800000__
21:53:00.645 SignMD5 > INFO 071 __pt:http__,__pn:cp__,__rp:0__,__vt:1585612800000__
21:53:00.973 SignMD5 > INFO 072 __pt:tcp__,__pn:redis__,__rp:4444__,__vt:__
21:53:33.044 SignMD5 > INFO 073 __pt:tcp__,__pn:redis__,__rp:4444__,__vt:__
21:53:33.395 SignMD5 > INFO 074 __pt:http__,__pn:cp__,__rp:0__,__vt:1585612800000__
21:54:00.616 SignMD5 > INFO 075 __pt:http__,__pn:cp__,__rp:0__,__vt:1585612800000__
21:54:01.135 SignMD5 > INFO 076 __pt:tcp__,__pn:redis__,__rp:4444__,__vt:__
21:54:31.846 SignMD5 > INFO 077 __pt:tcp__,__pn:redis__,__rp:4444__,__vt:__
21:54:33.594 SignMD5 > INFO 078 __pt:http__,__pn:cp__,__rp:0__,__vt:1585612800000__
21:55:01.242 SignMD5 > INFO 079 __pt:tcp__,__pn:redis__,__rp:4444__,__vt:__
21:55:01.572 SignMD5 > INFO 07a __pt:http__,__pn:cp__,__rp:0__,__vt:1585612800000__
21:55:31.521 SignMD5 > INFO 07b __pt:tcp__,__pn:redis__,__rp:4444__,__vt:__
21:55:32.153 SignMD5 > INFO 07c __pt:http__,__pn:cp__,__rp:0__,__vt:1585612800000__
21:56:02.727 SignMD5 > INFO 07d __pt:http__,__pn:cp__,__rp:0__,__vt:1585612800000__
21:56:03.327 SignMD5 > INFO 07e __pt:tcp__,__pn:redis__,__rp:4444__,__vt:__
21:56:32.134 SignMD5 > INFO 07f __pt:http__,__pn:cp__,__rp:0__,__vt:1585612800000__
21:56:32.453 SignMD5 > INFO 080 __pt:tcp__,__pn:redis__,__rp:4444__,__vt:__
21:57:03.185 SignMD5 > INFO 081 __pt:tcp__,__pn:redis__,__rp:4444__,__vt:__
21:57:03.878 SignMD5 > INFO 082 __pt:http__,__pn:cp__,__rp:0__,__vt:1585612800000__
21:57:34.075 SignMD5 > INFO 083 __pt:http__,__pn:cp__,__rp:0__,__vt:1585612800000__
21:57:36.116 SignMD5 > INFO 084 __pt:tcp__,__pn:redis__,__rp:4444__,__vt:__
21:58:04.271 SignMD5 > INFO 085 __pt:tcp__,__pn:redis__,__rp:4444__,__vt:__
21:58:06.183 SignMD5 > INFO 086 __pt:http__,__pn:cp__,__rp:0__,__vt:1585612800000__
21:58:34.370 SignMD5 > INFO 087 __pt:tcp__,__pn:redis__,__rp:4444__,__vt:__
21:58:36.134 SignMD5 > INFO 088 __pt:http__,__pn:cp__,__rp:0__,__vt:1585612800000__
21:59:05.029 SignMD5 > INFO 089 __pt:tcp__,__pn:redis__,__rp:4444__,__vt:__
21:59:05.335 SignMD5 > INFO 08a __pt:http__,__pn:cp__,__rp:0__,__vt:1585612800000__
21:59:35.622 SignMD5 > INFO 08b __pt:tcp__,__pn:redis__,__rp:4444__,__vt:__
21:59:36.242 SignMD5 > INFO 08c __pt:http__,__pn:cp__,__rp:0__,__vt:1585612800000__
22:00:07.160 SignMD5 > INFO 08d __pt:tcp__,__pn:redis__,__rp:4444__,__vt:__
22:00:08.565 SignMD5 > INFO 08e __pt:http__,__pn:cp__,__rp:0__,__vt:1585612800000__
22:00:36.840 SignMD5 > INFO 08f __pt:http__,__pn:cp__,__rp:0__,__vt:1585612800000__
22:00:37.152 SignMD5 > INFO 090 __pt:tcp__,__pn:redis__,__rp:4444__,__vt:__
22:01:06.220 SignMD5 > INFO 091 __pt:http__,__pn:cp__,__rp:0__,__vt:1585612800000__
22:01:06.558 SignMD5 > INFO 092 __pt:tcp__,__pn:redis__,__rp:4444__,__vt:__
22:01:36.638 SignMD5 > INFO 093 __pt:http__,__pn:cp__,__rp:0__,__vt:1585612800000__
22:01:37.242 SignMD5 > INFO 094 __pt:tcp__,__pn:redis__,__rp:4444__,__vt:__
22:02:08.361 SignMD5 > INFO 095 __pt:http__,__pn:cp__,__rp:0__,__vt:1585612800000__
22:02:08.670 SignMD5 > INFO 096 __pt:tcp__,__pn:redis__,__rp:4444__,__vt:__
22:02:38.074 SignMD5 > INFO 097 __pt:tcp__,__pn:redis__,__rp:4444__,__vt:__
22:02:39.848 SignMD5 > INFO 098 __pt:http__,__pn:cp__,__rp:0__,__vt:1585612800000__
22:03:07.653 SignMD5 > INFO 099 __pt:tcp__,__pn:redis__,__rp:4444__,__vt:__
22:03:07.965 SignMD5 > INFO 09a __pt:http__,__pn:cp__,__rp:0__,__vt:1585612800000__
22:03:40.135 SignMD5 > INFO 09b __pt:http__,__pn:cp__,__rp:0__,__vt:1585612800000__
22:03:41.608 SignMD5 > INFO 09c __pt:tcp__,__pn:redis__,__rp:4444__,__vt:__
22:04:08.997 SignMD5 > INFO 09d __pt:tcp__,__pn:redis__,__rp:4444__,__vt:__
22:04:09.334 SignMD5 > INFO 09e __pt:http__,__pn:cp__,__rp:0__,__vt:1585612800000__
22:04:40.174 SignMD5 > INFO 09f __pt:tcp__,__pn:redis__,__rp:4444__,__vt:__
22:04:41.450 SignMD5 > INFO 0a0 __pt:http__,__pn:cp__,__rp:0__,__vt:1585612800000__
22:05:10.475 SignMD5 > INFO 0a1 __pt:tcp__,__pn:redis__,__rp:4444__,__vt:__
22:05:12.375 SignMD5 > INFO 0a2 __pt:http__,__pn:cp__,__rp:0__,__vt:1585612800000__
22:05:39.829 SignMD5 > INFO 0a3 __pt:http__,__pn:cp__,__rp:0__,__vt:1585612800000__
22:05:40.167 SignMD5 > INFO 0a4 __pt:tcp__,__pn:redis__,__rp:4444__,__vt:__
22:06:11.195 SignMD5 > INFO 0a5 __pt:http__,__pn:cp__,__rp:0__,__vt:1585612800000__
22:06:11.552 SignMD5 > INFO 0a6 __pt:tcp__,__pn:redis__,__rp:4444__,__vt:__
22:06:40.446 SignMD5 > INFO 0a7 __pt:tcp__,__pn:redis__,__rp:4444__,__vt:__
22:06:40.794 SignMD5 > INFO 0a8 __pt:http__,__pn:cp__,__rp:0__,__vt:1585612800000__
22:07:12.167 SignMD5 > INFO 0a9 __pt:tcp__,__pn:redis__,__rp:4444__,__vt:__
22:07:13.527 SignMD5 > INFO 0aa __pt:http__,__pn:cp__,__rp:0__,__vt:1585612800000__
22:07:41.463 SignMD5 > INFO 0ab __pt:tcp__,__pn:redis__,__rp:4444__,__vt:__
22:07:41.792 SignMD5 > INFO 0ac __pt:http__,__pn:cp__,__rp:0__,__vt:1585612800000__
22:08:19.114 SignMD5 > INFO 0ad __pt:tcp__,__pn:redis__,__rp:4444__,__vt:__
22:08:20.399 SignMD5 > INFO 0ae __pt:http__,__pn:cp__,__rp:0__,__vt:1585612800000__
22:08:44.339 SignMD5 > INFO 0af __pt:http__,__pn:cp__,__rp:0__,__vt:1585612800000__
22:08:45.635 SignMD5 > INFO 0b0 __pt:tcp__,__pn:redis__,__rp:4444__,__vt:__
22:09:14.582 SignMD5 > INFO 0b1 __pt:tcp__,__pn:redis__,__rp:4444__,__vt:__
22:09:15.215 SignMD5 > INFO 0b2 __pt:http__,__pn:cp__,__rp:0__,__vt:1585612800000__
22:09:44.879 SignMD5 > INFO 0b3 __pt:http__,__pn:cp__,__rp:0__,__vt:1585612800000__
22:09:45.511 SignMD5 > INFO 0b4 __pt:tcp__,__pn:redis__,__rp:4444__,__vt:__
22:10:17.400 SignMD5 > INFO 0b5 __pt:tcp__,__pn:redis__,__rp:4444__,__vt:__
22:10:34.283 SignMD5 > INFO 0b6 __pt:http__,__pn:cp__,__rp:0__,__vt:1585612800000__
22:10:47.547 SignMD5 > INFO 0b7 __pt:http__,__pn:cp__,__rp:0__,__vt:1585612800000__
22:10:48.195 SignMD5 > INFO 0b8 __pt:tcp__,__pn:redis__,__rp:4444__,__vt:__
22:11:18.008 SignMD5 > INFO 0b9 __pt:http__,__pn:cp__,__rp:0__,__vt:1585612800000__
22:11:19.280 SignMD5 > INFO 0ba __pt:tcp__,__pn:redis__,__rp:4444__,__vt:__
22:11:36.653 0 > ERRO 001 open frps-auth.ini: The system cannot find the file specified.
22:11:45.452 main > INFO 002 start frps-auth.
22:11:57.443 main > INFO 003 bind 127.0.0.1:4000
22:12:17.977 SignMD5 > INFO 004 __pt:tcp__,__pn:redis__,__rp:4444__,__vt:__
22:12:19.004 SignMD5 > INFO 005 __pt:http__,__pn:cp__,__rp:0__,__vt:1585612800000__
22:12:49.452 SignMD5 > INFO 006 __pt:http__,__pn:cp__,__rp:0__,__vt:1585612800000__
22:12:51.429 SignMD5 > INFO 007 __pt:tcp__,__pn:redis__,__rp:4444__,__vt:__
22:13:18.370 SignMD5 > INFO 008 __pt:http__,__pn:cp__,__rp:0__,__vt:1585612800000__
22:13:20.770 SignMD5 > INFO 009 __pt:tcp__,__pn:redis__,__rp:4444__,__vt:__
22:13:48.502 SignMD5 > INFO 00a __pt:http__,__pn:cp__,__rp:0__,__vt:1585612800000__
22:13:48.834 SignMD5 > INFO 00b __pt:tcp__,__pn:redis__,__rp:4444__,__vt:__
22:14:19.529 SignMD5 > INFO 00c __pt:tcp__,__pn:redis__,__rp:4444__,__vt:__
22:14:19.826 SignMD5 > INFO 00d __pt:http__,__pn:cp__,__rp:0__,__vt:1585612800000__
22:14:25.021 main > INFO 001 start frps-auth.
22:14:34.853 main > INFO 002 bind localhost:4001
22:32:48.826 func1 > WARN 003  At 2020-03-14 22:32:48.826828 +0800 CST m=+1106.121782601 failed.
22:32:48.917 func1 > WARN 004  At 2020-03-14 22:32:48.9178299 +0800 CST m=+1106.212784901 failed.
22:32:55.174 func1 > WARN 005  At 2020-03-14 22:32:55.1741599 +0800 CST m=+1112.469141801 failed.
22:38:52.431 0 > ERRO 001 open frps-auth.ini: The system cannot find the file specified.
22:38:56.204 main > INFO 002 start frps-auth.
22:38:56.540 main > INFO 003 bind 127.0.0.1:4000
22:39:09.905 SignMD5 > INFO 004 __pt:tcp__,__pn:redis__,__rp:4444__,__vt:__
22:39:11.012 SignMD5 > INFO 005 __pt:http__,__pn:cp__,__rp:0__,__vt:1585612800000__
22:39:39.407 SignMD5 > INFO 006 __pt:tcp__,__pn:redis__,__rp:4444__,__vt:__
22:39:39.760 SignMD5 > INFO 007 __pt:http__,__pn:cp__,__rp:0__,__vt:1585612800000__
22:40:13.998 SignMD5 > INFO 008 __pt:tcp__,__pn:redis__,__rp:4444__,__vt:__
22:40:19.259 SignMD5 > INFO 009 __pt:http__,__pn:cp__,__rp:0__,__vt:1585612800000__
22:40:42.094 SignMD5 > INFO 00a __pt:http__,__pn:cp__,__rp:0__,__vt:1585612800000__
22:40:42.409 SignMD5 > INFO 00b __pt:tcp__,__pn:redis__,__rp:4444__,__vt:__
22:41:13.266 SignMD5 > INFO 00c __pt:tcp__,__pn:redis__,__rp:4444__,__vt:__
22:41:13.600 SignMD5 > INFO 00d __pt:http__,__pn:cp__,__rp:0__,__vt:1585612800000__
22:41:44.174 SignMD5 > INFO 00e __pt:http__,__pn:cp__,__rp:0__,__vt:1585612800000__
22:41:49.423 SignMD5 > INFO 00f __pt:tcp__,__pn:redis__,__rp:4444__,__vt:__
22:42:13.561 SignMD5 > INFO 010 __pt:tcp__,__pn:redis__,__rp:4444__,__vt:__
22:42:13.861 SignMD5 > INFO 011 __pt:http__,__pn:cp__,__rp:0__,__vt:1585612800000__
22:42:43.783 SignMD5 > INFO 012 __pt:tcp__,__pn:redis__,__rp:4444__,__vt:__
22:42:44.125 SignMD5 > INFO 013 __pt:http__,__pn:cp__,__rp:0__,__vt:1585612800000__
22:43:06.524 0 > ERRO 001 open frps-auth.ini: The system cannot find the file specified.
22:43:06.525 main > INFO 002 start frps-auth.
22:43:06.525 main > INFO 003 bind 127.0.0.1:4000
22:43:14.451 SignMD5 > INFO 004 __pt:http__,__pn:cp__,__rp:0__,__vt:1585612800000__
22:43:14.784 SignMD5 > INFO 005 __pt:tcp__,__pn:redis__,__rp:4444__,__vt:__
22:43:29.469 0 > ERRO 001 open frps-auth.ini: The system cannot find the file specified.
22:43:29.469 main > INFO 002 start frps-auth.
22:43:29.470 main > INFO 003 bind 127.0.0.1:4000
22:43:44.691 SignMD5 > INFO 004 __pt:tcp__,__pn:redis__,__rp:4444__,__vt:__
22:43:45.217 SignMD5 > INFO 005 __pt:http__,__pn:cp__,__rp:0__,__vt:1585612800000__
22:44:15.052 SignMD5 > INFO 006 __pt:tcp__,__pn:redis__,__rp:4444__,__vt:__
22:44:17.057 SignMD5 > INFO 007 __pt:http__,__pn:cp__,__rp:0__,__vt:1585612800000__
22:44:45.376 SignMD5 > INFO 008 __pt:tcp__,__pn:redis__,__rp:4444__,__vt:__
22:44:46.717 SignMD5 > INFO 009 __pt:http__,__pn:cp__,__rp:0__,__vt:1585612800000__
22:45:18.058 SignMD5 > INFO 00a __pt:tcp__,__pn:redis__,__rp:4444__,__vt:__
22:45:19.475 SignMD5 > INFO 00b __pt:http__,__pn:cp__,__rp:0__,__vt:1585612800000__
22:45:26.113 0 > ERRO 001 open frps-auth.ini: The system cannot find the file specified.
22:45:26.114 main > INFO 002 start frps-auth.
22:45:26.114 main > INFO 003 bind 127.0.0.1:4000
22:45:49.039 SignMD5 > INFO 004 __pt:tcp__,__pn:redis__,__rp:4444__,__vt:__
22:45:51.423 SignMD5 > INFO 005 __pt:http__,__pn:cp__,__rp:0__,__vt:1585612800000__
22:46:18.768 SignMD5 > INFO 006 __pt:tcp__,__pn:redis__,__rp:4444__,__vt:__
22:46:19.106 SignMD5 > INFO 007 __pt:http__,__pn:cp__,__rp:0__,__vt:1585612800000__
22:46:50.223 SignMD5 > INFO 008 __pt:tcp__,__pn:redis__,__rp:4444__,__vt:__
22:46:51.684 SignMD5 > INFO 009 __pt:http__,__pn:cp__,__rp:0__,__vt:1585612800000__
22:47:19.010 SignMD5 > INFO 00a __pt:tcp__,__pn:redis__,__rp:4444__,__vt:__
22:47:21.648 SignMD5 > INFO 00b __pt:http__,__pn:cp__,__rp:0__,__vt:1585612800000__
22:47:54.814 SignMD5 > INFO 00c __pt:tcp__,__pn:redis__,__rp:4444__,__vt:__
22:48:06.078 SignMD5 > INFO 00d __pt:http__,__pn:cp__,__rp:0__,__vt:1585612800000__
22:48:19.658 SignMD5 > INFO 00e __pt:tcp__,__pn:redis__,__rp:4444__,__vt:__
22:48:19.958 SignMD5 > INFO 00f __pt:http__,__pn:cp__,__rp:0__,__vt:1585612800000__
22:48:49.924 SignMD5 > INFO 010 __pt:tcp__,__pn:redis__,__rp:4444__,__vt:__
22:48:52.553 SignMD5 > INFO 011 __pt:http__,__pn:cp__,__rp:0__,__vt:1585612800000__
22:49:21.645 SignMD5 > INFO 012 __pt:http__,__pn:cp__,__rp:0__,__vt:1585612800000__
22:49:21.945 SignMD5 > INFO 013 __pt:tcp__,__pn:redis__,__rp:4444__,__vt:__
22:49:50.529 SignMD5 > INFO 014 __pt:http__,__pn:cp__,__rp:0__,__vt:1585612800000__
22:49:51.728 SignMD5 > INFO 015 __pt:tcp__,__pn:redis__,__rp:4444__,__vt:__
22:50:20.838 SignMD5 > INFO 016 __pt:tcp__,__pn:redis__,__rp:4444__,__vt:__
22:50:21.174 SignMD5 > INFO 017 __pt:http__,__pn:cp__,__rp:0__,__vt:1585612800000__
